mode: set
reforest/cmd/api/main.go:27.49,29.9 2 0
reforest/cmd/api/main.go:29.9,32.3 2 0
reforest/cmd/api/main.go:33.2,33.19 1 0
reforest/cmd/api/main.go:34.22,35.60 1 0
reforest/cmd/api/main.go:36.29,37.62 1 0
reforest/cmd/api/main.go:38.30,39.61 1 0
reforest/cmd/api/main.go:40.29,41.64 1 0
reforest/cmd/api/main.go:42.10,43.71 1 0
reforest/cmd/api/main.go:47.64,53.16 3 0
reforest/cmd/api/main.go:53.16,56.3 2 0
reforest/cmd/api/main.go:57.2,57.37 1 0
reforest/cmd/api/main.go:60.13,61.40 1 0
reforest/cmd/api/main.go:61.40,63.3 1 0
reforest/cmd/api/main.go:65.2,67.16 3 0
reforest/cmd/api/main.go:67.16,69.3 1 0
reforest/cmd/api/main.go:70.2,75.16 5 0
reforest/cmd/api/main.go:75.16,77.3 1 0
reforest/cmd/api/main.go:78.2,83.16 5 0
reforest/cmd/api/main.go:83.16,85.3 1 0
reforest/cmd/api/main.go:86.2,91.29 4 0
reforest/cmd/api/main.go:91.29,93.26 2 0
reforest/cmd/api/main.go:93.26,95.4 1 0
reforest/cmd/api/main.go:96.3,101.36 5 0
reforest/cmd/api/main.go:101.36,104.4 2 0
reforest/cmd/api/main.go:105.3,105.11 1 0
reforest/cmd/api/main.go:108.2,109.56 2 0
reforest/cmd/api/main.go:109.56,111.3 1 0
reforest/cmd/api/main.go:112.2,114.40 2 0
reforest/cmd/api/main.go:114.40,118.47 3 0
reforest/cmd/api/main.go:118.47,120.27 2 0
reforest/cmd/api/main.go:120.27,122.19 2 0
reforest/cmd/api/main.go:122.19,126.84 2 0
reforest/cmd/api/main.go:126.84,128.7 1 0
reforest/cmd/api/main.go:133.3,135.11 3 0
reforest/cmd/api/main.go:138.2,138.48 1 0
reforest/cmd/api/main.go:138.48,147.49 2 0
reforest/cmd/api/main.go:147.49,150.4 2 0
reforest/cmd/api/main.go:152.3,152.37 1 0
reforest/cmd/api/main.go:153.27,153.27 0 0
reforest/cmd/api/main.go:155.11,157.10 2 0
reforest/cmd/api/main.go:160.3,168.17 2 0
reforest/cmd/api/main.go:168.17,171.4 2 0
reforest/cmd/api/main.go:173.3,173.43 1 0
reforest/cmd/api/main.go:176.2,176.45 1 0
reforest/cmd/api/main.go:176.45,178.48 2 0
reforest/cmd/api/main.go:178.48,181.4 2 0
reforest/cmd/api/main.go:183.3,184.17 2 0
reforest/cmd/api/main.go:184.17,187.4 2 0
reforest/cmd/api/main.go:189.3,189.38 1 0
reforest/cmd/api/main.go:191.2,191.41 1 0
reforest/cmd/api/main.go:191.41,193.17 2 0
reforest/cmd/api/main.go:193.17,196.4 2 0
reforest/cmd/api/main.go:197.3,197.38 1 0
reforest/cmd/api/main.go:200.2,200.45 1 0
reforest/cmd/api/main.go:200.45,203.17 3 0
reforest/cmd/api/main.go:203.17,206.4 2 0
reforest/cmd/api/main.go:207.3,207.38 1 0
reforest/cmd/api/main.go:210.2,210.39 1 0
reforest/cmd/api/main.go:210.39,212.17 2 0
reforest/cmd/api/main.go:212.17,215.4 2 0
reforest/cmd/api/main.go:216.3,216.38 1 0
reforest/cmd/api/main.go:219.2,219.43 1 0
reforest/cmd/api/main.go:219.43,222.17 3 0
reforest/cmd/api/main.go:222.17,225.4 2 0
reforest/cmd/api/main.go:226.3,226.38 1 0
reforest/cmd/api/main.go:229.2,229.39 1 0
reforest/cmd/api/main.go:229.39,231.17 2 0
reforest/cmd/api/main.go:231.17,234.4 2 0
reforest/cmd/api/main.go:235.3,235.38 1 0
reforest/cmd/api/main.go:238.2,238.43 1 0
reforest/cmd/api/main.go:238.43,241.17 3 0
reforest/cmd/api/main.go:241.17,244.4 2 0
reforest/cmd/api/main.go:245.3,245.38 1 0
reforest/cmd/api/main.go:248.2,248.48 1 0
reforest/cmd/api/main.go:248.48,251.17 3 0
reforest/cmd/api/main.go:251.17,254.4 2 0
reforest/cmd/api/main.go:255.3,255.38 1 0
reforest/cmd/api/main.go:258.2,259.2 2 0
reforest/cmd/api/main.go:259.2,260.50 1 0
reforest/cmd/api/main.go:260.50,262.49 2 0
reforest/cmd/api/main.go:262.49,265.5 2 0
reforest/cmd/api/main.go:266.4,267.18 2 0
reforest/cmd/api/main.go:267.18,270.5 2 0
reforest/cmd/api/main.go:271.4,271.44 1 0
reforest/cmd/api/main.go:274.3,274.58 1 0
reforest/cmd/api/main.go:274.58,276.18 2 0
reforest/cmd/api/main.go:276.18,279.5 2 0
reforest/cmd/api/main.go:280.4,280.39 1 0
reforest/cmd/api/main.go:283.3,283.57 1 0
reforest/cmd/api/main.go:283.57,285.49 2 0
reforest/cmd/api/main.go:285.49,288.5 2 0
reforest/cmd/api/main.go:289.4,290.18 2 0
reforest/cmd/api/main.go:290.18,293.5 2 0
reforest/cmd/api/main.go:294.4,294.44 1 0
reforest/cmd/api/main.go:297.3,297.63 1 0
reforest/cmd/api/main.go:297.63,299.18 2 0
reforest/cmd/api/main.go:299.18,302.5 2 0
reforest/cmd/api/main.go:303.4,303.39 1 0
reforest/cmd/api/main.go:307.2,307.51 1 0
reforest/cmd/api/main.go:307.51,309.17 2 0
reforest/cmd/api/main.go:309.17,312.4 2 0
reforest/cmd/api/main.go:314.3,318.17 2 0
reforest/cmd/api/main.go:318.17,321.4 2 0
reforest/cmd/api/main.go:322.3,322.53 1 0
reforest/cmd/api/main.go:325.2,325.60 1 0
reforest/cmd/api/main.go:325.60,327.17 2 0
reforest/cmd/api/main.go:327.17,330.4 2 0
reforest/cmd/api/main.go:331.3,331.67 1 0
reforest/cmd/api/main.go:334.2,335.2 2 0
reforest/cmd/api/main.go:335.2,336.53 1 0
reforest/cmd/api/main.go:336.53,338.49 2 0
reforest/cmd/api/main.go:338.49,341.5 2 0
reforest/cmd/api/main.go:342.4,343.18 2 0
reforest/cmd/api/main.go:343.18,346.5 2 0
reforest/cmd/api/main.go:347.4,347.44 1 0
reforest/cmd/api/main.go:350.3,350.56 1 0
reforest/cmd/api/main.go:350.56,352.49 2 0
reforest/cmd/api/main.go:352.49,355.5 2 0
reforest/cmd/api/main.go:356.4,358.18 3 0
reforest/cmd/api/main.go:358.18,361.5 2 0
reforest/cmd/api/main.go:362.4,362.39 1 0
reforest/cmd/api/main.go:365.3,365.59 1 0
reforest/cmd/api/main.go:365.59,368.18 3 0
reforest/cmd/api/main.go:368.18,371.5 2 0
reforest/cmd/api/main.go:372.4,372.34 1 0
reforest/cmd/api/main.go:375.3,375.51 1 0
reforest/cmd/api/main.go:375.51,377.49 2 0
reforest/cmd/api/main.go:377.49,380.5 2 0
reforest/cmd/api/main.go:381.4,382.18 2 0
reforest/cmd/api/main.go:382.18,385.5 2 0
reforest/cmd/api/main.go:386.4,386.44 1 0
reforest/cmd/api/main.go:389.3,389.54 1 0
reforest/cmd/api/main.go:389.54,391.49 2 0
reforest/cmd/api/main.go:391.49,394.5 2 0
reforest/cmd/api/main.go:395.4,397.18 3 0
reforest/cmd/api/main.go:397.18,400.5 2 0
reforest/cmd/api/main.go:401.4,401.39 1 0
reforest/cmd/api/main.go:404.3,404.57 1 0
reforest/cmd/api/main.go:404.57,407.18 3 0
reforest/cmd/api/main.go:407.18,410.5 2 0
reforest/cmd/api/main.go:411.4,411.34 1 0
reforest/cmd/api/main.go:414.3,414.54 1 0
reforest/cmd/api/main.go:414.54,416.49 2 0
reforest/cmd/api/main.go:416.49,419.5 2 0
reforest/cmd/api/main.go:420.4,422.18 3 0
reforest/cmd/api/main.go:422.18,425.5 2 0
reforest/cmd/api/main.go:426.4,426.39 1 0
reforest/cmd/api/main.go:429.3,429.57 1 0
reforest/cmd/api/main.go:429.57,432.18 3 0
reforest/cmd/api/main.go:432.18,435.5 2 0
reforest/cmd/api/main.go:436.4,436.34 1 0
reforest/cmd/api/main.go:439.3,439.60 1 0
reforest/cmd/api/main.go:439.60,441.49 2 0
reforest/cmd/api/main.go:441.49,444.5 2 0
reforest/cmd/api/main.go:445.4,447.18 3 0
reforest/cmd/api/main.go:447.18,450.5 2 0
reforest/cmd/api/main.go:451.4,451.44 1 0
reforest/cmd/api/main.go:454.3,454.53 1 0
reforest/cmd/api/main.go:454.53,456.49 2 0
reforest/cmd/api/main.go:456.49,459.5 2 0
reforest/cmd/api/main.go:460.4,462.18 3 0
reforest/cmd/api/main.go:462.18,465.5 2 0
reforest/cmd/api/main.go:466.4,466.39 1 0
reforest/cmd/api/main.go:469.3,469.56 1 0
reforest/cmd/api/main.go:469.56,472.18 3 0
reforest/cmd/api/main.go:472.18,475.5 2 0
reforest/cmd/api/main.go:476.4,476.34 1 0
reforest/cmd/api/main.go:480.2,481.16 2 0
reforest/cmd/auth/main.go:18.13,31.16 9 0
reforest/cmd/auth/main.go:31.16,33.3 1 0
reforest/cmd/auth/main.go:35.2,39.37 4 0
reforest/cmd/auth/main.go:39.37,41.3 1 0
reforest/cmd/finance/main.go:22.13,28.81 4 0
reforest/cmd/finance/main.go:28.81,30.3 1 0
reforest/cmd/finance/main.go:32.2,35.16 3 0
reforest/cmd/finance/main.go:35.16,37.3 1 0
reforest/cmd/finance/main.go:38.2,45.12 6 0
reforest/cmd/finance/main.go:45.12,48.22 3 0
reforest/cmd/finance/main.go:48.22,50.78 2 0
reforest/cmd/finance/main.go:50.78,52.5 1 0
reforest/cmd/finance/main.go:56.2,57.16 2 0
reforest/cmd/finance/main.go:57.16,59.3 1 0
reforest/cmd/finance/main.go:61.2,81.37 7 0
reforest/cmd/finance/main.go:81.37,83.3 1 0
reforest/cmd/tree-management/main.go:24.193,26.8 2 0
reforest/cmd/tree-management/main.go:26.8,28.3 1 0
reforest/cmd/tree-management/main.go:29.2,29.54 1 0
reforest/cmd/tree-management/main.go:32.13,38.16 5 0
reforest/cmd/tree-management/main.go:38.16,40.3 1 0
reforest/cmd/tree-management/main.go:41.2,47.16 3 0
reforest/cmd/tree-management/main.go:47.16,49.3 1 0
reforest/cmd/tree-management/main.go:50.2,54.16 4 0
reforest/cmd/tree-management/main.go:54.16,56.3 1 0
reforest/cmd/tree-management/main.go:57.2,66.16 8 0
reforest/cmd/tree-management/main.go:66.16,68.3 1 0
reforest/cmd/tree-management/main.go:70.2,105.37 7 0
reforest/cmd/tree-management/main.go:105.37,107.3 1 0
reforest/config/config.go:24.21,41.2 1 0
reforest/config/config.go:43.42,44.40 1 0
reforest/config/config.go:44.40,46.3 1 0
reforest/config/config.go:47.2,47.17 1 0
reforest/internal/delivery/grpc/auth_handler.go:19.67,23.2 1 0
reforest/internal/delivery/grpc/auth_handler.go:25.98,27.16 2 0
reforest/internal/delivery/grpc/auth_handler.go:27.16,28.51 1 0
reforest/internal/delivery/grpc/auth_handler.go:28.51,30.4 1 0
reforest/internal/delivery/grpc/auth_handler.go:31.3,31.59 1 0
reforest/internal/delivery/grpc/auth_handler.go:34.2,37.8 1 0
reforest/internal/delivery/grpc/auth_handler.go:40.108,42.16 2 0
reforest/internal/delivery/grpc/auth_handler.go:42.16,43.46 1 0
reforest/internal/delivery/grpc/auth_handler.go:43.46,45.4 1 0
reforest/internal/delivery/grpc/auth_handler.go:46.3,46.76 1 0
reforest/internal/delivery/grpc/auth_handler.go:49.2,52.8 1 0
reforest/internal/delivery/grpc/finance_handler.go:22.79,26.2 1 0
reforest/internal/delivery/grpc/finance_handler.go:28.76,29.56 1 0
reforest/internal/delivery/grpc/finance_handler.go:29.56,31.3 1 0
reforest/internal/delivery/grpc/finance_handler.go:33.2,33.53 1 0
reforest/internal/delivery/grpc/finance_handler.go:33.53,34.53 1 0
reforest/internal/delivery/grpc/finance_handler.go:34.53,36.4 1 0
reforest/internal/delivery/grpc/finance_handler.go:39.2,39.86 1 0
reforest/internal/delivery/grpc/finance_handler.go:42.118,44.16 2 0
reforest/internal/delivery/grpc/finance_handler.go:44.16,46.3 1 0
reforest/internal/delivery/grpc/finance_handler.go:47.2,47.39 1 0
reforest/internal/delivery/grpc/finance_handler.go:50.106,52.16 2 0
reforest/internal/delivery/grpc/finance_handler.go:52.16,54.3 1 0
reforest/internal/delivery/grpc/finance_handler.go:56.2,57.16 2 0
reforest/internal/delivery/grpc/finance_handler.go:57.16,59.3 1 0
reforest/internal/delivery/grpc/finance_handler.go:61.2,61.39 1 0
reforest/internal/delivery/grpc/finance_handler.go:64.115,66.16 2 0
reforest/internal/delivery/grpc/finance_handler.go:66.16,68.3 1 0
reforest/internal/delivery/grpc/finance_handler.go:69.2,69.30 1 0
reforest/internal/delivery/grpc/finance_handler.go:72.105,74.16 2 0
reforest/internal/delivery/grpc/finance_handler.go:74.16,76.3 1 0
reforest/internal/delivery/grpc/finance_handler.go:78.2,79.16 2 0
reforest/internal/delivery/grpc/finance_handler.go:79.16,81.3 1 0
reforest/internal/delivery/grpc/finance_handler.go:83.2,83.51 1 0
reforest/internal/delivery/grpc/finance_handler.go:86.116,88.16 2 0
reforest/internal/delivery/grpc/finance_handler.go:88.16,90.3 1 0
reforest/internal/delivery/grpc/finance_handler.go:92.2,93.16 2 0
reforest/internal/delivery/grpc/finance_handler.go:93.16,95.3 1 0
reforest/internal/delivery/grpc/finance_handler.go:97.2,98.25 2 0
reforest/internal/delivery/grpc/finance_handler.go:98.25,100.3 1 0
reforest/internal/delivery/grpc/finance_handler.go:102.2,102.54 1 0
reforest/internal/delivery/grpc/finance_handler.go:105.108,107.16 2 0
reforest/internal/delivery/grpc/finance_handler.go:107.16,109.3 1 0
reforest/internal/delivery/grpc/finance_handler.go:110.2,110.30 1 0
reforest/internal/delivery/grpc/finance_handler.go:113.68,124.2 1 0
reforest/internal/delivery/grpc/interceptor.go:22.181,23.140 1 0
reforest/internal/delivery/grpc/interceptor.go:23.140,24.37 1 0
reforest/internal/delivery/grpc/interceptor.go:24.37,26.4 1 0
reforest/internal/delivery/grpc/interceptor.go:28.3,29.10 2 0
reforest/internal/delivery/grpc/interceptor.go:29.10,31.4 1 0
reforest/internal/delivery/grpc/interceptor.go:33.3,34.23 2 0
reforest/internal/delivery/grpc/interceptor.go:34.23,36.4 1 0
reforest/internal/delivery/grpc/interceptor.go:38.3,40.74 3 0
reforest/internal/delivery/grpc/interceptor.go:40.74,42.4 1 0
reforest/internal/delivery/grpc/interceptor.go:43.3,46.17 3 0
reforest/internal/delivery/grpc/interceptor.go:46.17,48.4 1 0
reforest/internal/delivery/grpc/interceptor.go:50.3,50.36 1 0
reforest/internal/delivery/grpc/interceptor.go:50.36,51.30 1 0
reforest/internal/delivery/grpc/interceptor.go:51.30,53.5 1 0
reforest/internal/delivery/grpc/interceptor.go:56.3,56.38 1 0
reforest/internal/delivery/grpc/interceptor.go:56.38,57.32 1 0
reforest/internal/delivery/grpc/interceptor.go:57.32,59.5 1 0
reforest/internal/delivery/grpc/interceptor.go:62.3,65.27 3 0
reforest/internal/delivery/grpc/tree_management_handler.go:24.97,28.2 1 0
reforest/internal/delivery/grpc/tree_management_handler.go:30.55,37.2 1 0
reforest/internal/delivery/grpc/tree_management_handler.go:39.46,46.2 1 0
reforest/internal/delivery/grpc/tree_management_handler.go:48.46,59.2 1 0
reforest/internal/delivery/grpc/tree_management_handler.go:61.53,71.2 1 0
reforest/internal/delivery/grpc/tree_management_handler.go:73.80,74.69 1 0
reforest/internal/delivery/grpc/tree_management_handler.go:74.69,76.3 1 0
reforest/internal/delivery/grpc/tree_management_handler.go:78.2,79.9 2 0
reforest/internal/delivery/grpc/tree_management_handler.go:79.9,81.3 1 0
reforest/internal/delivery/grpc/tree_management_handler.go:83.2,84.41 2 0
reforest/internal/delivery/grpc/tree_management_handler.go:84.41,86.3 1 0
reforest/internal/delivery/grpc/tree_management_handler.go:88.2,88.23 1 0
reforest/internal/delivery/grpc/tree_management_handler.go:92.106,94.16 2 0
reforest/internal/delivery/grpc/tree_management_handler.go:94.16,95.46 1 0
reforest/internal/delivery/grpc/tree_management_handler.go:95.46,97.4 1 0
reforest/internal/delivery/grpc/tree_management_handler.go:98.3,98.71 1 0
reforest/internal/delivery/grpc/tree_management_handler.go:100.2,100.47 1 0
reforest/internal/delivery/grpc/tree_management_handler.go:103.105,105.16 2 0
reforest/internal/delivery/grpc/tree_management_handler.go:105.16,107.3 1 0
reforest/internal/delivery/grpc/tree_management_handler.go:108.2,109.16 2 0
reforest/internal/delivery/grpc/tree_management_handler.go:109.16,111.3 1 0
reforest/internal/delivery/grpc/tree_management_handler.go:112.2,112.40 1 0
reforest/internal/delivery/grpc/tree_management_handler.go:115.109,117.16 2 0
reforest/internal/delivery/grpc/tree_management_handler.go:117.16,119.3 1 0
reforest/internal/delivery/grpc/tree_management_handler.go:121.2,122.32 2 0
reforest/internal/delivery/grpc/tree_management_handler.go:122.32,124.3 1 0
reforest/internal/delivery/grpc/tree_management_handler.go:126.2,126.49 1 0
reforest/internal/delivery/grpc/tree_management_handler.go:129.106,131.16 2 0
reforest/internal/delivery/grpc/tree_management_handler.go:131.16,133.3 1 0
reforest/internal/delivery/grpc/tree_management_handler.go:134.2,135.16 2 0
reforest/internal/delivery/grpc/tree_management_handler.go:135.16,136.41 1 0
reforest/internal/delivery/grpc/tree_management_handler.go:136.41,138.4 1 0
reforest/internal/delivery/grpc/tree_management_handler.go:139.3,139.71 1 0
reforest/internal/delivery/grpc/tree_management_handler.go:141.2,141.47 1 0
reforest/internal/delivery/grpc/tree_management_handler.go:144.111,146.16 2 0
reforest/internal/delivery/grpc/tree_management_handler.go:146.16,148.3 1 0
reforest/internal/delivery/grpc/tree_management_handler.go:149.2,149.61 1 0
reforest/internal/delivery/grpc/tree_management_handler.go:149.61,150.41 1 0
reforest/internal/delivery/grpc/tree_management_handler.go:150.41,152.4 1 0
reforest/internal/delivery/grpc/tree_management_handler.go:153.3,153.71 1 0
reforest/internal/delivery/grpc/tree_management_handler.go:155.2,155.30 1 0
reforest/internal/delivery/grpc/tree_management_handler.go:164.106,166.16 2 0
reforest/internal/delivery/grpc/tree_management_handler.go:166.16,168.3 1 0
reforest/internal/delivery/grpc/tree_management_handler.go:170.2,171.16 2 0
reforest/internal/delivery/grpc/tree_management_handler.go:171.16,173.3 1 0
reforest/internal/delivery/grpc/tree_management_handler.go:175.2,176.25 2 0
reforest/internal/delivery/grpc/tree_management_handler.go:176.25,178.3 1 0
reforest/internal/delivery/grpc/tree_management_handler.go:180.2,180.39 1 0
reforest/internal/delivery/grpc/tree_management_handler.go:183.112,185.16 2 0
reforest/internal/delivery/grpc/tree_management_handler.go:185.16,187.3 1 0
reforest/internal/delivery/grpc/tree_management_handler.go:188.2,189.16 2 0
reforest/internal/delivery/grpc/tree_management_handler.go:189.16,190.45 1 0
reforest/internal/delivery/grpc/tree_management_handler.go:190.45,192.4 1 0
reforest/internal/delivery/grpc/tree_management_handler.go:193.3,193.67 1 0
reforest/internal/delivery/grpc/tree_management_handler.go:196.2,196.39 1 0
reforest/internal/delivery/grpc/tree_management_handler.go:199.104,201.16 2 0
reforest/internal/delivery/grpc/tree_management_handler.go:201.16,203.3 1 0
reforest/internal/delivery/grpc/tree_management_handler.go:205.2,206.16 2 0
reforest/internal/delivery/grpc/tree_management_handler.go:206.16,207.45 1 0
reforest/internal/delivery/grpc/tree_management_handler.go:207.45,209.4 1 0
reforest/internal/delivery/grpc/tree_management_handler.go:210.3,210.41 1 0
reforest/internal/delivery/grpc/tree_management_handler.go:210.41,212.4 1 0
reforest/internal/delivery/grpc/tree_management_handler.go:213.3,213.67 1 0
reforest/internal/delivery/grpc/tree_management_handler.go:216.2,216.39 1 0
reforest/internal/delivery/grpc/tree_management_handler.go:219.107,221.16 2 0
reforest/internal/delivery/grpc/tree_management_handler.go:221.16,223.3 1 0
reforest/internal/delivery/grpc/tree_management_handler.go:225.2,225.57 1 0
reforest/internal/delivery/grpc/tree_management_handler.go:225.57,226.41 1 0
reforest/internal/delivery/grpc/tree_management_handler.go:226.41,228.4 1 0
reforest/internal/delivery/grpc/tree_management_handler.go:229.3,229.67 1 0
reforest/internal/delivery/grpc/tree_management_handler.go:232.2,232.30 1 0
reforest/internal/delivery/grpc/tree_management_handler.go:236.97,238.16 2 0
reforest/internal/delivery/grpc/tree_management_handler.go:238.16,239.46 1 0
reforest/internal/delivery/grpc/tree_management_handler.go:239.46,241.4 1 0
reforest/internal/delivery/grpc/tree_management_handler.go:242.3,242.68 1 0
reforest/internal/delivery/grpc/tree_management_handler.go:244.2,244.41 1 0
reforest/internal/delivery/grpc/tree_management_handler.go:247.99,249.16 2 0
reforest/internal/delivery/grpc/tree_management_handler.go:249.16,251.3 1 0
reforest/internal/delivery/grpc/tree_management_handler.go:252.2,253.16 2 0
reforest/internal/delivery/grpc/tree_management_handler.go:253.16,255.3 1 0
reforest/internal/delivery/grpc/tree_management_handler.go:256.2,256.34 1 0
reforest/internal/delivery/grpc/tree_management_handler.go:259.104,261.16 2 0
reforest/internal/delivery/grpc/tree_management_handler.go:261.16,263.3 1 0
reforest/internal/delivery/grpc/tree_management_handler.go:265.2,266.29 2 0
reforest/internal/delivery/grpc/tree_management_handler.go:266.29,268.3 1 0
reforest/internal/delivery/grpc/tree_management_handler.go:270.2,272.8 1 0
reforest/internal/delivery/grpc/tree_management_handler.go:275.97,277.16 2 0
reforest/internal/delivery/grpc/tree_management_handler.go:277.16,279.3 1 0
reforest/internal/delivery/grpc/tree_management_handler.go:280.2,281.16 2 0
reforest/internal/delivery/grpc/tree_management_handler.go:281.16,282.41 1 0
reforest/internal/delivery/grpc/tree_management_handler.go:282.41,284.4 1 0
reforest/internal/delivery/grpc/tree_management_handler.go:285.3,285.68 1 0
reforest/internal/delivery/grpc/tree_management_handler.go:287.2,287.41 1 0
reforest/internal/delivery/grpc/tree_management_handler.go:290.108,292.16 2 0
reforest/internal/delivery/grpc/tree_management_handler.go:292.16,294.3 1 0
reforest/internal/delivery/grpc/tree_management_handler.go:295.2,295.58 1 0
reforest/internal/delivery/grpc/tree_management_handler.go:295.58,296.41 1 0
reforest/internal/delivery/grpc/tree_management_handler.go:296.41,298.4 1 0
reforest/internal/delivery/grpc/tree_management_handler.go:299.3,299.68 1 0
reforest/internal/delivery/grpc/tree_management_handler.go:301.2,301.30 1 0
reforest/internal/delivery/grpc/tree_management_handler.go:305.104,307.16 2 0
reforest/internal/delivery/grpc/tree_management_handler.go:307.16,309.3 1 0
reforest/internal/delivery/grpc/tree_management_handler.go:311.2,312.29 2 0
reforest/internal/delivery/grpc/tree_management_handler.go:312.29,314.3 1 0
reforest/internal/delivery/grpc/tree_management_handler.go:316.2,316.42 1 0
reforest/internal/delivery/grpc/tree_management_handler.go:319.121,321.16 2 0
reforest/internal/delivery/grpc/tree_management_handler.go:321.16,323.3 1 0
reforest/internal/delivery/grpc/tree_management_handler.go:324.2,325.16 2 0
reforest/internal/delivery/grpc/tree_management_handler.go:325.16,326.45 1 0
reforest/internal/delivery/grpc/tree_management_handler.go:326.45,328.4 1 0
reforest/internal/delivery/grpc/tree_management_handler.go:329.3,329.41 1 0
reforest/internal/delivery/grpc/tree_management_handler.go:329.41,331.4 1 0
reforest/internal/delivery/grpc/tree_management_handler.go:332.3,332.77 1 0
reforest/internal/delivery/grpc/tree_management_handler.go:335.2,339.8 1 0
reforest/internal/delivery/grpc/tree_management_handler.go:342.99,344.16 2 0
reforest/internal/delivery/grpc/tree_management_handler.go:344.16,346.3 1 0
reforest/internal/delivery/grpc/tree_management_handler.go:347.2,348.16 2 0
reforest/internal/delivery/grpc/tree_management_handler.go:348.16,350.3 1 0
reforest/internal/delivery/grpc/tree_management_handler.go:351.2,351.34 1 0
reforest/internal/delivery/grpc/tree_management_handler.go:354.97,356.16 2 0
reforest/internal/delivery/grpc/tree_management_handler.go:356.16,358.3 1 0
reforest/internal/delivery/grpc/tree_management_handler.go:359.2,360.16 2 0
reforest/internal/delivery/grpc/tree_management_handler.go:360.16,361.45 1 0
reforest/internal/delivery/grpc/tree_management_handler.go:361.45,363.4 1 0
reforest/internal/delivery/grpc/tree_management_handler.go:364.3,364.41 1 0
reforest/internal/delivery/grpc/tree_management_handler.go:364.41,366.4 1 0
reforest/internal/delivery/grpc/tree_management_handler.go:367.3,367.68 1 0
reforest/internal/delivery/grpc/tree_management_handler.go:369.2,369.41 1 0
reforest/internal/delivery/grpc/tree_management_handler.go:372.108,374.16 2 0
reforest/internal/delivery/grpc/tree_management_handler.go:374.16,376.3 1 0
reforest/internal/delivery/grpc/tree_management_handler.go:377.2,377.58 1 0
reforest/internal/delivery/grpc/tree_management_handler.go:377.58,378.41 1 0
reforest/internal/delivery/grpc/tree_management_handler.go:378.41,380.4 1 0
reforest/internal/delivery/grpc/tree_management_handler.go:381.3,381.68 1 0
reforest/internal/delivery/grpc/tree_management_handler.go:383.2,383.30 1 0
reforest/internal/repository/auth_repository.go:20.52,22.2 1 0
reforest/internal/repository/auth_repository.go:24.99,26.16 2 0
reforest/internal/repository/auth_repository.go:26.16,27.44 1 0
reforest/internal/repository/auth_repository.go:27.44,29.4 1 0
reforest/internal/repository/auth_repository.go:30.3,30.18 1 0
reforest/internal/repository/auth_repository.go:32.2,32.18 1 0
reforest/internal/repository/auth_repository.go:35.94,39.2 3 0
reforest/internal/repository/finance_repository.go:29.58,31.2 1 0
reforest/internal/repository/finance_repository.go:33.98,37.2 3 0
reforest/internal/repository/finance_repository.go:39.114,51.2 3 0
reforest/internal/repository/finance_repository.go:53.108,57.2 1 0
reforest/internal/repository/finance_repository.go:59.98,61.2 1 0
reforest/internal/repository/finance_repository.go:63.112,67.2 3 0
reforest/internal/repository/finance_repository.go:69.122,73.2 3 0
reforest/internal/repository/finance_repository.go:75.109,79.2 1 0
reforest/internal/repository/finance_repository.go:81.142,88.2 1 0
reforest/internal/repository/finance_repository.go:90.131,97.2 3 0
reforest/internal/repository/tree_management_repository.go:55.79,57.2 1 0
reforest/internal/repository/tree_management_repository.go:59.121,61.16 2 0
reforest/internal/repository/tree_management_repository.go:61.16,62.37 1 0
reforest/internal/repository/tree_management_repository.go:62.37,64.4 1 0
reforest/internal/repository/tree_management_repository.go:65.3,65.18 1 0
reforest/internal/repository/tree_management_repository.go:67.2,68.21 2 0
reforest/internal/repository/tree_management_repository.go:71.116,74.16 3 0
reforest/internal/repository/tree_management_repository.go:74.16,75.43 1 0
reforest/internal/repository/tree_management_repository.go:75.43,77.4 1 0
reforest/internal/repository/tree_management_repository.go:78.3,78.18 1 0
reforest/internal/repository/tree_management_repository.go:80.2,80.22 1 0
reforest/internal/repository/tree_management_repository.go:83.96,85.16 2 0
reforest/internal/repository/tree_management_repository.go:85.16,87.3 1 0
reforest/internal/repository/tree_management_repository.go:88.2,91.53 3 0
reforest/internal/repository/tree_management_repository.go:91.53,93.3 1 0
reforest/internal/repository/tree_management_repository.go:94.2,94.25 1 0
reforest/internal/repository/tree_management_repository.go:97.121,106.16 3 0
reforest/internal/repository/tree_management_repository.go:106.16,107.37 1 0
reforest/internal/repository/tree_management_repository.go:107.37,109.4 1 0
reforest/internal/repository/tree_management_repository.go:110.3,110.18 1 0
reforest/internal/repository/tree_management_repository.go:112.2,112.27 1 0
reforest/internal/repository/tree_management_repository.go:112.27,114.3 1 0
reforest/internal/repository/tree_management_repository.go:115.2,115.38 1 0
reforest/internal/repository/tree_management_repository.go:118.100,120.16 2 0
reforest/internal/repository/tree_management_repository.go:120.16,122.3 1 0
reforest/internal/repository/tree_management_repository.go:123.2,123.27 1 0
reforest/internal/repository/tree_management_repository.go:123.27,125.3 1 0
reforest/internal/repository/tree_management_repository.go:126.2,126.12 1 0
reforest/internal/repository/tree_management_repository.go:129.141,131.16 2 0
reforest/internal/repository/tree_management_repository.go:131.16,133.3 1 0
reforest/internal/repository/tree_management_repository.go:134.2,135.20 2 0
reforest/internal/repository/tree_management_repository.go:138.130,141.16 3 0
reforest/internal/repository/tree_management_repository.go:141.16,142.43 1 0
reforest/internal/repository/tree_management_repository.go:142.43,144.4 1 0
reforest/internal/repository/tree_management_repository.go:145.3,145.18 1 0
reforest/internal/repository/tree_management_repository.go:147.2,147.21 1 0
reforest/internal/repository/tree_management_repository.go:150.128,157.2 2 0
reforest/internal/repository/tree_management_repository.go:159.109,161.16 2 0
reforest/internal/repository/tree_management_repository.go:161.16,162.37 1 0
reforest/internal/repository/tree_management_repository.go:162.37,164.4 1 0
reforest/internal/repository/tree_management_repository.go:165.3,165.18 1 0
reforest/internal/repository/tree_management_repository.go:167.2,168.18 2 0
reforest/internal/repository/tree_management_repository.go:171.110,174.16 3 0
reforest/internal/repository/tree_management_repository.go:174.16,175.43 1 0
reforest/internal/repository/tree_management_repository.go:175.43,177.4 1 0
reforest/internal/repository/tree_management_repository.go:178.3,178.18 1 0
reforest/internal/repository/tree_management_repository.go:180.2,180.19 1 0
reforest/internal/repository/tree_management_repository.go:183.91,185.16 2 0
reforest/internal/repository/tree_management_repository.go:185.16,187.3 1 0
reforest/internal/repository/tree_management_repository.go:188.2,190.47 3 0
reforest/internal/repository/tree_management_repository.go:190.47,192.3 1 0
reforest/internal/repository/tree_management_repository.go:193.2,193.19 1 0
reforest/internal/repository/tree_management_repository.go:196.109,205.16 3 0
reforest/internal/repository/tree_management_repository.go:205.16,206.37 1 0
reforest/internal/repository/tree_management_repository.go:206.37,208.4 1 0
reforest/internal/repository/tree_management_repository.go:209.3,209.18 1 0
reforest/internal/repository/tree_management_repository.go:211.2,211.27 1 0
reforest/internal/repository/tree_management_repository.go:211.27,213.3 1 0
reforest/internal/repository/tree_management_repository.go:214.2,214.32 1 0
reforest/internal/repository/tree_management_repository.go:217.97,219.16 2 0
reforest/internal/repository/tree_management_repository.go:219.16,221.3 1 0
reforest/internal/repository/tree_management_repository.go:222.2,222.27 1 0
reforest/internal/repository/tree_management_repository.go:222.27,224.3 1 0
reforest/internal/repository/tree_management_repository.go:225.2,225.12 1 0
reforest/internal/repository/tree_management_repository.go:228.109,230.16 2 0
reforest/internal/repository/tree_management_repository.go:230.16,231.37 1 0
reforest/internal/repository/tree_management_repository.go:231.37,233.4 1 0
reforest/internal/repository/tree_management_repository.go:234.3,234.18 1 0
reforest/internal/repository/tree_management_repository.go:236.2,237.18 2 0
reforest/internal/repository/tree_management_repository.go:240.110,243.16 3 0
reforest/internal/repository/tree_management_repository.go:243.16,244.43 1 0
reforest/internal/repository/tree_management_repository.go:244.43,246.4 1 0
reforest/internal/repository/tree_management_repository.go:247.3,247.18 1 0
reforest/internal/repository/tree_management_repository.go:249.2,249.19 1 0
reforest/internal/repository/tree_management_repository.go:252.91,254.16 2 0
reforest/internal/repository/tree_management_repository.go:254.16,256.3 1 0
reforest/internal/repository/tree_management_repository.go:257.2,259.47 3 0
reforest/internal/repository/tree_management_repository.go:259.47,261.3 1 0
reforest/internal/repository/tree_management_repository.go:262.2,262.19 1 0
reforest/internal/repository/tree_management_repository.go:265.109,277.16 3 0
reforest/internal/repository/tree_management_repository.go:277.16,278.37 1 0
reforest/internal/repository/tree_management_repository.go:278.37,280.4 1 0
reforest/internal/repository/tree_management_repository.go:281.3,281.18 1 0
reforest/internal/repository/tree_management_repository.go:283.2,283.27 1 0
reforest/internal/repository/tree_management_repository.go:283.27,285.3 1 0
reforest/internal/repository/tree_management_repository.go:286.2,286.32 1 0
reforest/internal/repository/tree_management_repository.go:289.97,291.16 2 0
reforest/internal/repository/tree_management_repository.go:291.16,293.3 1 0
reforest/internal/repository/tree_management_repository.go:294.2,294.27 1 0
reforest/internal/repository/tree_management_repository.go:294.27,296.3 1 0
reforest/internal/repository/tree_management_repository.go:297.2,297.12 1 0
reforest/internal/repository/tree_management_repository.go:300.115,302.16 2 0
reforest/internal/repository/tree_management_repository.go:302.16,303.37 1 0
reforest/internal/repository/tree_management_repository.go:303.37,305.4 1 0
reforest/internal/repository/tree_management_repository.go:306.3,306.18 1 0
reforest/internal/repository/tree_management_repository.go:308.2,309.17 2 0
reforest/internal/repository/tree_management_repository.go:312.113,315.16 3 0
reforest/internal/repository/tree_management_repository.go:315.16,316.43 1 0
reforest/internal/repository/tree_management_repository.go:316.43,318.4 1 0
reforest/internal/repository/tree_management_repository.go:319.3,319.18 1 0
reforest/internal/repository/tree_management_repository.go:321.2,321.18 1 0
reforest/internal/repository/tree_management_repository.go:324.128,326.16 2 0
reforest/internal/repository/tree_management_repository.go:326.16,328.3 1 0
reforest/internal/repository/tree_management_repository.go:329.2,331.46 3 0
reforest/internal/repository/tree_management_repository.go:331.46,333.3 1 0
reforest/internal/repository/tree_management_repository.go:334.2,334.18 1 0
reforest/internal/repository/tree_management_repository.go:337.115,349.16 3 0
reforest/internal/repository/tree_management_repository.go:349.16,350.37 1 0
reforest/internal/repository/tree_management_repository.go:350.37,352.4 1 0
reforest/internal/repository/tree_management_repository.go:353.3,353.18 1 0
reforest/internal/repository/tree_management_repository.go:355.2,355.27 1 0
reforest/internal/repository/tree_management_repository.go:355.27,357.3 1 0
reforest/internal/repository/tree_management_repository.go:358.2,358.17 1 0
reforest/internal/repository/tree_management_repository.go:361.96,363.16 2 0
reforest/internal/repository/tree_management_repository.go:363.16,365.3 1 0
reforest/internal/repository/tree_management_repository.go:366.2,366.27 1 0
reforest/internal/repository/tree_management_repository.go:366.27,368.3 1 0
reforest/internal/repository/tree_management_repository.go:369.2,369.12 1 0
reforest/internal/service/auth_service.go:28.114,34.2 1 0
reforest/internal/service/auth_service.go:36.100,38.16 2 0
reforest/internal/service/auth_service.go:38.16,40.3 1 0
reforest/internal/service/auth_service.go:42.2,44.19 3 0
reforest/internal/service/auth_service.go:44.19,46.3 1 0
reforest/internal/service/auth_service.go:48.2,64.16 4 0
reforest/internal/service/auth_service.go:64.16,66.3 1 0
reforest/internal/service/auth_service.go:68.2,68.26 1 0
reforest/internal/service/auth_service.go:68.26,71.78 3 0
reforest/internal/service/auth_service.go:71.78,73.4 1 0
reforest/internal/service/auth_service.go:76.2,76.25 1 0
reforest/internal/service/auth_service.go:79.102,81.16 2 0
reforest/internal/service/auth_service.go:81.16,83.3 1 0
reforest/internal/service/auth_service.go:85.2,85.103 1 0
reforest/internal/service/auth_service.go:85.103,87.3 1 0
reforest/internal/service/auth_service.go:89.2,90.16 2 0
reforest/internal/service/auth_service.go:90.16,92.3 1 0
reforest/internal/service/auth_service.go:93.2,93.25 1 0
reforest/internal/service/email.go:26.60,27.16 1 0
reforest/internal/service/email.go:27.16,29.3 1 0
reforest/internal/service/email.go:30.2,31.16 2 0
reforest/internal/service/email.go:31.16,33.3 1 0
reforest/internal/service/email.go:34.2,35.16 2 0
reforest/internal/service/email.go:35.16,37.3 1 0
reforest/internal/service/email.go:38.2,39.16 2 0
reforest/internal/service/email.go:39.16,41.3 1 0
reforest/internal/service/email.go:42.2,43.16 2 0
reforest/internal/service/email.go:43.16,45.3 1 0
reforest/internal/service/email.go:46.2,47.16 2 0
reforest/internal/service/email.go:47.16,49.3 1 0
reforest/internal/service/email.go:51.2,57.3 1 0
reforest/internal/service/email.go:60.63,61.54 1 0
reforest/internal/service/email.go:61.54,63.3 1 0
reforest/internal/service/email.go:65.2,72.56 4 0
reforest/internal/service/email.go:75.67,76.14 1 0
reforest/internal/service/email.go:76.14,78.3 1 0
reforest/internal/service/email.go:79.2,79.90 1 0
reforest/internal/service/email.go:79.90,81.3 1 0
reforest/internal/service/email.go:82.2,82.14 1 0
reforest/internal/service/email.go:82.14,84.3 1 0
reforest/internal/service/email.go:85.2,85.32 1 0
reforest/internal/service/email.go:85.32,87.3 1 0
reforest/internal/service/email.go:88.2,88.19 1 0
reforest/internal/service/email.go:88.19,90.3 1 0
reforest/internal/service/email.go:91.2,91.16 1 0
reforest/internal/service/email.go:91.16,93.3 1 0
reforest/internal/service/email.go:94.2,94.12 1 0
reforest/internal/service/finance_service.go:50.141,57.2 1 0
reforest/internal/service/finance_service.go:59.122,61.16 2 0
reforest/internal/service/finance_service.go:61.16,63.3 1 0
reforest/internal/service/finance_service.go:65.2,65.18 1 0
reforest/internal/service/finance_service.go:66.32,68.17 2 0
reforest/internal/service/finance_service.go:68.17,70.4 1 0
reforest/internal/service/finance_service.go:72.3,74.28 2 0
reforest/internal/service/finance_service.go:74.28,85.60 2 0
reforest/internal/service/finance_service.go:85.60,87.5 1 0
reforest/internal/service/finance_service.go:88.4,88.79 1 0
reforest/internal/service/finance_service.go:88.79,90.5 1 0
reforest/internal/service/finance_service.go:93.4,95.18 2 0
reforest/internal/service/finance_service.go:97.3,97.94 1 0
reforest/internal/service/finance_service.go:99.31,101.66 1 0
reforest/internal/service/finance_service.go:104.2,104.77 1 0
reforest/internal/service/finance_service.go:107.136,109.16 2 0
reforest/internal/service/finance_service.go:109.16,111.3 1 0
reforest/internal/service/finance_service.go:113.2,113.26 1 0
reforest/internal/service/finance_service.go:113.26,115.17 2 0
reforest/internal/service/finance_service.go:115.17,117.4 1 0
reforest/internal/service/finance_service.go:117.9,120.75 3 0
reforest/internal/service/finance_service.go:120.75,122.5 1 0
reforest/internal/service/finance_service.go:126.2,126.16 1 0
reforest/internal/service/finance_service.go:129.176,131.26 2 0
reforest/internal/service/finance_service.go:131.26,133.3 1 0
reforest/internal/service/finance_service.go:135.2,147.58 2 0
reforest/internal/service/finance_service.go:147.58,149.3 1 0
reforest/internal/service/finance_service.go:151.2,160.16 3 0
reforest/internal/service/finance_service.go:160.16,162.3 1 0
reforest/internal/service/finance_service.go:164.2,165.16 2 0
reforest/internal/service/finance_service.go:165.16,167.3 1 0
reforest/internal/service/finance_service.go:169.2,174.16 5 0
reforest/internal/service/finance_service.go:174.16,176.3 1 0
reforest/internal/service/finance_service.go:177.2,179.38 2 0
reforest/internal/service/finance_service.go:179.38,181.3 1 0
reforest/internal/service/finance_service.go:183.2,184.71 2 0
reforest/internal/service/finance_service.go:184.71,186.3 1 0
reforest/internal/service/finance_service.go:188.2,189.16 2 0
reforest/internal/service/finance_service.go:189.16,192.3 2 0
reforest/internal/service/finance_service.go:194.2,194.110 1 0
reforest/internal/service/finance_service.go:194.110,197.3 2 0
reforest/internal/service/finance_service.go:198.2,200.16 3 0
reforest/internal/service/finance_service.go:203.100,209.55 2 0
reforest/internal/service/finance_service.go:209.55,211.3 1 0
reforest/internal/service/finance_service.go:213.2,213.30 1 0
reforest/internal/service/finance_service.go:213.30,215.3 1 0
reforest/internal/service/finance_service.go:217.2,218.16 2 0
reforest/internal/service/finance_service.go:218.16,220.3 1 0
reforest/internal/service/finance_service.go:222.2,222.61 1 0
reforest/internal/service/finance_service.go:222.61,224.17 2 0
reforest/internal/service/finance_service.go:224.17,226.4 1 0
reforest/internal/service/finance_service.go:228.3,228.37 1 0
reforest/internal/service/finance_service.go:228.37,230.4 1 0
reforest/internal/service/finance_service.go:232.3,232.78 1 0
reforest/internal/service/finance_service.go:232.78,234.4 1 0
reforest/internal/service/finance_service.go:236.3,236.25 1 0
reforest/internal/service/finance_service.go:236.25,239.4 2 0
reforest/internal/service/finance_service.go:241.3,241.63 1 0
reforest/internal/service/finance_service.go:242.8,242.40 1 0
reforest/internal/service/finance_service.go:242.40,244.3 1 0
reforest/internal/service/finance_service.go:246.2,246.12 1 0
reforest/internal/service/finance_service.go:249.91,251.2 1 0
reforest/internal/service/finance_service.go:253.117,255.2 1 0
reforest/internal/service/finance_service.go:257.72,259.16 2 0
reforest/internal/service/finance_service.go:259.16,261.3 1 0
reforest/internal/service/finance_service.go:263.2,263.25 1 0
reforest/internal/service/finance_service.go:263.25,264.79 1 0
reforest/internal/service/finance_service.go:264.79,266.12 1 0
reforest/internal/service/finance_service.go:268.3,268.49 1 0
reforest/internal/service/finance_service.go:268.49,270.4 1 0
reforest/internal/service/finance_service.go:272.2,272.12 1 0
reforest/internal/service/tree_management_service.go:49.155,51.2 1 0
reforest/internal/service/tree_management_service.go:53.110,60.2 2 0
reforest/internal/service/tree_management_service.go:62.113,64.2 1 0
reforest/internal/service/tree_management_service.go:66.93,68.2 1 0
reforest/internal/service/tree_management_service.go:70.133,78.2 2 0
reforest/internal/service/tree_management_service.go:80.97,82.2 1 0
reforest/internal/service/tree_management_service.go:84.101,91.2 2 0
reforest/internal/service/tree_management_service.go:93.107,95.2 1 0
reforest/internal/service/tree_management_service.go:97.88,99.2 1 0
reforest/internal/service/tree_management_service.go:101.124,109.2 2 0
reforest/internal/service/tree_management_service.go:111.94,113.2 1 0
reforest/internal/service/tree_management_service.go:115.156,117.16 2 0
reforest/internal/service/tree_management_service.go:117.16,119.3 1 0
reforest/internal/service/tree_management_service.go:121.2,122.16 2 0
reforest/internal/service/tree_management_service.go:122.16,124.3 1 0
reforest/internal/service/tree_management_service.go:126.2,127.16 2 0
reforest/internal/service/tree_management_service.go:127.16,129.3 1 0
reforest/internal/service/tree_management_service.go:131.2,132.16 2 0
reforest/internal/service/tree_management_service.go:132.16,134.3 1 0
reforest/internal/service/tree_management_service.go:136.2,136.53 1 0
reforest/internal/service/tree_management_service.go:136.53,138.3 1 0
reforest/internal/service/tree_management_service.go:140.2,141.56 2 0
reforest/internal/service/tree_management_service.go:141.56,143.3 1 0
reforest/internal/service/tree_management_service.go:145.2,154.16 3 0
reforest/internal/service/tree_management_service.go:154.16,158.3 3 0
reforest/internal/service/tree_management_service.go:160.2,166.16 2 0
reforest/internal/service/tree_management_service.go:166.16,171.3 4 0
reforest/internal/service/tree_management_service.go:173.2,173.49 1 0
reforest/internal/service/tree_management_service.go:176.107,178.16 2 0
reforest/internal/service/tree_management_service.go:178.16,180.3 1 0
reforest/internal/service/tree_management_service.go:182.2,183.33 2 0
reforest/internal/service/tree_management_service.go:183.33,185.28 2 0
reforest/internal/service/tree_management_service.go:185.28,186.43 1 0
reforest/internal/service/tree_management_service.go:186.43,188.5 1 0
reforest/internal/service/tree_management_service.go:190.3,190.39 1 0
reforest/internal/service/tree_management_service.go:193.2,193.18 1 0
reforest/internal/service/tree_management_service.go:196.88,198.16 2 0
reforest/internal/service/tree_management_service.go:198.16,200.3 1 0
reforest/internal/service/tree_management_service.go:202.2,202.29 1 0
reforest/internal/service/tree_management_service.go:202.29,204.28 2 0
reforest/internal/service/tree_management_service.go:204.28,205.58 1 0
reforest/internal/service/tree_management_service.go:205.58,207.5 1 0
reforest/internal/service/tree_management_service.go:210.2,210.19 1 0
reforest/internal/service/tree_management_service.go:213.124,215.16 2 0
reforest/internal/service/tree_management_service.go:215.16,217.3 1 0
reforest/internal/service/tree_management_service.go:218.2,219.16 2 0
reforest/internal/service/tree_management_service.go:219.16,221.3 1 0
reforest/internal/service/tree_management_service.go:223.2,232.37 2 0
reforest/internal/service/tree_management_service.go:235.94,237.2 1 0
reforest/internal/service/tree_management_service.go:239.132,241.16 2 0
reforest/internal/service/tree_management_service.go:241.16,243.3 1 0
reforest/internal/service/tree_management_service.go:245.2,253.35 2 0
reforest/internal/service/tree_management_service.go:256.125,258.2 1 0
reforest/internal/service/tree_management_service.go:260.131,262.16 2 0
reforest/internal/service/tree_management_service.go:262.16,264.3 1 0
reforest/internal/service/tree_management_service.go:266.2,275.35 2 0
reforest/internal/service/tree_management_service.go:278.93,280.2 1 0
reforest/internal/service/tree_management_service.go:282.50,283.71 1 0
reforest/internal/service/tree_management_service.go:283.71,287.54 2 0
reforest/internal/service/tree_management_service.go:287.54,289.4 1 0
reforest/internal/service/tree_management_service.go:291.3,292.17 2 0
reforest/internal/service/tree_management_service.go:292.17,292.31 1 0
reforest/internal/service/tree_management_service.go:294.3,295.17 2 0
reforest/internal/service/tree_management_service.go:295.17,295.31 1 0
reforest/internal/service/tree_management_service.go:297.3,307.17 3 0
reforest/internal/service/tree_management_service.go:307.17,307.31 1 0
reforest/internal/service/tree_management_service.go:309.3,317.105 2 0
reforest/internal/service/tree_management_service.go:317.105,319.4 1 0
reforest/internal/service/tree_management_service.go:321.3,321.13 1 0
reforest/internal/service/tree_management_service.go:323.2,323.16 1 0
reforest/internal/service/tree_management_service.go:323.16,325.3 1 0
reforest/internal/service/tree_management_service.go:327.2,327.70 1 0
reforest/internal/service/tree_management_service.go:327.70,331.54 2 0
reforest/internal/service/tree_management_service.go:331.54,333.4 1 0
reforest/internal/service/tree_management_service.go:335.3,336.17 2 0
reforest/internal/service/tree_management_service.go:336.17,338.4 1 0
reforest/internal/service/tree_management_service.go:340.3,341.17 2 0
reforest/internal/service/tree_management_service.go:341.17,343.4 1 0
reforest/internal/service/tree_management_service.go:345.3,345.33 1 0
reforest/internal/service/tree_management_service.go:345.33,346.77 1 0
reforest/internal/service/tree_management_service.go:346.77,349.5 2 0
reforest/internal/service/tree_management_service.go:351.4,352.18 2 0
reforest/internal/service/tree_management_service.go:352.18,352.32 1 0
reforest/internal/service/tree_management_service.go:354.4,355.18 2 0
reforest/internal/service/tree_management_service.go:355.18,355.32 1 0
reforest/internal/service/tree_management_service.go:357.4,358.75 2 0
reforest/internal/service/tree_management_service.go:358.75,358.89 1 0
reforest/internal/service/tree_management_service.go:361.3,362.86 2 0
reforest/internal/service/tree_management_service.go:365.2,365.16 1 0
reforest/internal/service/tree_management_service.go:365.16,367.3 1 0
reforest/pkg/database/database.go:12.41,14.16 2 0
reforest/pkg/database/database.go:14.16,16.3 1 0
reforest/pkg/database/database.go:18.2,19.74 2 0
reforest/pkg/database/database.go:19.74,21.3 1 0
reforest/pkg/database/database.go:23.2,23.11 1 0
reforest/pkg/mq/client.go:17.45,19.16 2 0
reforest/pkg/mq/client.go:19.16,21.3 1 0
reforest/pkg/mq/client.go:22.2,23.16 2 0
reforest/pkg/mq/client.go:23.16,25.3 1 0
reforest/pkg/mq/client.go:27.2,28.16 2 0
reforest/pkg/mq/client.go:28.16,30.3 1 0
reforest/pkg/mq/client.go:32.2,32.41 1 0
reforest/pkg/mq/client.go:35.26,38.2 2 0
reforest/pkg/mq/client.go:40.93,42.16 2 0
reforest/pkg/mq/client.go:42.16,44.3 1 0
reforest/pkg/mq/client.go:46.2,56.3 1 0
reforest/pkg/mq/client.go:59.79,61.16 2 0
reforest/pkg/mq/client.go:61.16,63.3 1 0
reforest/pkg/mq/client.go:65.2,66.16 2 0
reforest/pkg/mq/client.go:66.16,68.3 1 0
reforest/pkg/mq/client.go:70.2,71.16 2 0
reforest/pkg/mq/client.go:71.16,73.3 1 0
reforest/pkg/mq/client.go:75.2,75.12 1 0
reforest/pkg/mq/client.go:75.12,76.23 1 0
reforest/pkg/mq/client.go:76.23,77.42 1 0
reforest/pkg/mq/client.go:77.42,79.5 1 0
reforest/pkg/mq/client.go:82.2,82.12 1 0
reforest/pkg/pb/auth-service.pb.go:33.24,38.2 4 0
reforest/pkg/pb/auth-service.pb.go:40.32,42.2 1 0
reforest/pkg/pb/auth-service.pb.go:44.30,44.31 0 0
reforest/pkg/pb/auth-service.pb.go:46.52,48.14 2 0
reforest/pkg/pb/auth-service.pb.go:48.14,50.34 2 0
reforest/pkg/pb/auth-service.pb.go:50.34,52.4 1 0
reforest/pkg/pb/auth-service.pb.go:53.3,53.12 1 0
reforest/pkg/pb/auth-service.pb.go:55.2,55.24 1 0
reforest/pkg/pb/auth-service.pb.go:59.43,61.2 1 0
reforest/pkg/pb/auth-service.pb.go:63.31,64.14 1 0
reforest/pkg/pb/auth-service.pb.go:64.14,66.3 1 0
reforest/pkg/pb/auth-service.pb.go:67.2,67.11 1 0
reforest/pkg/pb/auth-service.pb.go:70.34,71.14 1 0
reforest/pkg/pb/auth-service.pb.go:71.14,73.3 1 0
reforest/pkg/pb/auth-service.pb.go:74.2,74.11 1 0
reforest/pkg/pb/auth-service.pb.go:77.37,78.14 1 0
reforest/pkg/pb/auth-service.pb.go:78.14,80.3 1 0
reforest/pkg/pb/auth-service.pb.go:81.2,81.11 1 0
reforest/pkg/pb/auth-service.pb.go:95.27,100.2 4 0
reforest/pkg/pb/auth-service.pb.go:102.35,104.2 1 0
reforest/pkg/pb/auth-service.pb.go:106.33,106.34 0 0
reforest/pkg/pb/auth-service.pb.go:108.55,110.14 2 0
reforest/pkg/pb/auth-service.pb.go:110.14,112.34 2 0
reforest/pkg/pb/auth-service.pb.go:112.34,114.4 1 0
reforest/pkg/pb/auth-service.pb.go:115.3,115.12 1 0
reforest/pkg/pb/auth-service.pb.go:117.2,117.24 1 0
reforest/pkg/pb/auth-service.pb.go:121.46,123.2 1 0
reforest/pkg/pb/auth-service.pb.go:125.34,126.14 1 0
reforest/pkg/pb/auth-service.pb.go:126.14,128.3 1 0
reforest/pkg/pb/auth-service.pb.go:129.2,129.11 1 0
reforest/pkg/pb/auth-service.pb.go:132.40,133.14 1 0
reforest/pkg/pb/auth-service.pb.go:133.14,135.3 1 0
reforest/pkg/pb/auth-service.pb.go:136.2,136.11 1 0
reforest/pkg/pb/auth-service.pb.go:139.43,140.14 1 0
reforest/pkg/pb/auth-service.pb.go:140.14,142.3 1 0
reforest/pkg/pb/auth-service.pb.go:143.2,143.11 1 0
reforest/pkg/pb/auth-service.pb.go:146.34,147.14 1 0
reforest/pkg/pb/auth-service.pb.go:147.14,149.3 1 0
reforest/pkg/pb/auth-service.pb.go:150.2,150.10 1 0
reforest/pkg/pb/auth-service.pb.go:153.38,154.14 1 0
reforest/pkg/pb/auth-service.pb.go:154.14,156.3 1 0
reforest/pkg/pb/auth-service.pb.go:157.2,157.10 1 0
reforest/pkg/pb/auth-service.pb.go:171.35,176.2 4 0
reforest/pkg/pb/auth-service.pb.go:178.43,180.2 1 0
reforest/pkg/pb/auth-service.pb.go:182.41,182.42 0 0
reforest/pkg/pb/auth-service.pb.go:184.63,186.14 2 0
reforest/pkg/pb/auth-service.pb.go:186.14,188.34 2 0
reforest/pkg/pb/auth-service.pb.go:188.34,190.4 1 0
reforest/pkg/pb/auth-service.pb.go:191.3,191.12 1 0
reforest/pkg/pb/auth-service.pb.go:193.2,193.24 1 0
reforest/pkg/pb/auth-service.pb.go:197.54,199.2 1 0
reforest/pkg/pb/auth-service.pb.go:201.45,202.14 1 0
reforest/pkg/pb/auth-service.pb.go:202.14,204.3 1 0
reforest/pkg/pb/auth-service.pb.go:205.2,205.11 1 0
reforest/pkg/pb/auth-service.pb.go:208.48,209.14 1 0
reforest/pkg/pb/auth-service.pb.go:209.14,211.3 1 0
reforest/pkg/pb/auth-service.pb.go:212.2,212.11 1 0
reforest/pkg/pb/auth-service.pb.go:215.48,216.14 1 0
reforest/pkg/pb/auth-service.pb.go:216.14,218.3 1 0
reforest/pkg/pb/auth-service.pb.go:219.2,219.11 1 0
reforest/pkg/pb/auth-service.pb.go:222.48,223.14 1 0
reforest/pkg/pb/auth-service.pb.go:223.14,225.3 1 0
reforest/pkg/pb/auth-service.pb.go:226.2,226.11 1 0
reforest/pkg/pb/auth-service.pb.go:229.51,230.14 1 0
reforest/pkg/pb/auth-service.pb.go:230.14,232.3 1 0
reforest/pkg/pb/auth-service.pb.go:233.2,233.11 1 0
reforest/pkg/pb/auth-service.pb.go:244.36,249.2 4 0
reforest/pkg/pb/auth-service.pb.go:251.44,253.2 1 0
reforest/pkg/pb/auth-service.pb.go:255.42,255.43 0 0
reforest/pkg/pb/auth-service.pb.go:257.64,259.14 2 0
reforest/pkg/pb/auth-service.pb.go:259.14,261.34 2 0
reforest/pkg/pb/auth-service.pb.go:261.34,263.4 1 0
reforest/pkg/pb/auth-service.pb.go:264.3,264.12 1 0
reforest/pkg/pb/auth-service.pb.go:266.2,266.24 1 0
reforest/pkg/pb/auth-service.pb.go:270.55,272.2 1 0
reforest/pkg/pb/auth-service.pb.go:274.48,275.14 1 0
reforest/pkg/pb/auth-service.pb.go:275.14,277.3 1 0
reforest/pkg/pb/auth-service.pb.go:278.2,278.11 1 0
reforest/pkg/pb/auth-service.pb.go:281.47,282.14 1 0
reforest/pkg/pb/auth-service.pb.go:282.14,284.3 1 0
reforest/pkg/pb/auth-service.pb.go:285.2,285.11 1 0
reforest/pkg/pb/auth-service.pb.go:296.32,301.2 4 0
reforest/pkg/pb/auth-service.pb.go:303.40,305.2 1 0
reforest/pkg/pb/auth-service.pb.go:307.38,307.39 0 0
reforest/pkg/pb/auth-service.pb.go:309.60,311.14 2 0
reforest/pkg/pb/auth-service.pb.go:311.14,313.34 2 0
reforest/pkg/pb/auth-service.pb.go:313.34,315.4 1 0
reforest/pkg/pb/auth-service.pb.go:316.3,316.12 1 0
reforest/pkg/pb/auth-service.pb.go:318.2,318.24 1 0
reforest/pkg/pb/auth-service.pb.go:322.51,324.2 1 0
reforest/pkg/pb/auth-service.pb.go:326.42,327.14 1 0
reforest/pkg/pb/auth-service.pb.go:327.14,329.3 1 0
reforest/pkg/pb/auth-service.pb.go:330.2,330.11 1 0
reforest/pkg/pb/auth-service.pb.go:333.45,334.14 1 0
reforest/pkg/pb/auth-service.pb.go:334.14,336.3 1 0
reforest/pkg/pb/auth-service.pb.go:337.2,337.11 1 0
reforest/pkg/pb/auth-service.pb.go:348.32,353.2 4 0
reforest/pkg/pb/auth-service.pb.go:355.40,357.2 1 0
reforest/pkg/pb/auth-service.pb.go:359.38,359.39 0 0
reforest/pkg/pb/auth-service.pb.go:361.60,363.14 2 0
reforest/pkg/pb/auth-service.pb.go:363.14,365.34 2 0
reforest/pkg/pb/auth-service.pb.go:365.34,367.4 1 0
reforest/pkg/pb/auth-service.pb.go:368.3,368.12 1 0
reforest/pkg/pb/auth-service.pb.go:370.2,370.24 1 0
reforest/pkg/pb/auth-service.pb.go:374.51,376.2 1 0
reforest/pkg/pb/auth-service.pb.go:378.42,379.14 1 0
reforest/pkg/pb/auth-service.pb.go:379.14,381.3 1 0
reforest/pkg/pb/auth-service.pb.go:382.2,382.11 1 0
reforest/pkg/pb/auth-service.pb.go:385.41,386.14 1 0
reforest/pkg/pb/auth-service.pb.go:386.14,388.3 1 0
reforest/pkg/pb/auth-service.pb.go:389.2,389.11 1 0
reforest/pkg/pb/auth-service.pb.go:431.57,432.54 1 0
reforest/pkg/pb/auth-service.pb.go:432.54,434.3 1 0
reforest/pkg/pb/auth-service.pb.go:435.2,435.50 1 0
reforest/pkg/pb/auth-service.pb.go:459.13,459.53 1 0
reforest/pkg/pb/auth-service.pb.go:460.43,461.42 1 0
reforest/pkg/pb/auth-service.pb.go:461.42,463.3 1 0
reforest/pkg/pb/auth-service.pb.go:464.2,480.45 5 0
reforest/pkg/pb/auth-service_grpc.pb.go:38.74,40.2 1 0
reforest/pkg/pb/auth-service_grpc.pb.go:42.122,46.16 4 0
reforest/pkg/pb/auth-service_grpc.pb.go:46.16,48.3 1 0
reforest/pkg/pb/auth-service_grpc.pb.go:49.2,49.17 1 0
reforest/pkg/pb/auth-service_grpc.pb.go:52.132,56.16 4 0
reforest/pkg/pb/auth-service_grpc.pb.go:56.16,58.3 1 0
reforest/pkg/pb/auth-service_grpc.pb.go:59.2,59.17 1 0
reforest/pkg/pb/auth-service_grpc.pb.go:78.100,80.2 1 0
reforest/pkg/pb/auth-service_grpc.pb.go:81.110,83.2 1 0
reforest/pkg/pb/auth-service_grpc.pb.go:84.82,84.83 0 0
reforest/pkg/pb/auth-service_grpc.pb.go:85.82,85.83 0 0
reforest/pkg/pb/auth-service_grpc.pb.go:94.80,99.59 1 0
reforest/pkg/pb/auth-service_grpc.pb.go:99.59,101.3 1 0
reforest/pkg/pb/auth-service_grpc.pb.go:102.2,102.50 1 0
reforest/pkg/pb/auth-service_grpc.pb.go:105.162,107.32 2 0
reforest/pkg/pb/auth-service_grpc.pb.go:107.32,109.3 1 0
reforest/pkg/pb/auth-service_grpc.pb.go:110.2,110.24 1 0
reforest/pkg/pb/auth-service_grpc.pb.go:110.24,112.3 1 0
reforest/pkg/pb/auth-service_grpc.pb.go:113.2,117.77 2 0
reforest/pkg/pb/auth-service_grpc.pb.go:117.77,119.3 1 0
reforest/pkg/pb/auth-service_grpc.pb.go:120.2,120.44 1 0
reforest/pkg/pb/auth-service_grpc.pb.go:123.165,125.32 2 0
reforest/pkg/pb/auth-service_grpc.pb.go:125.32,127.3 1 0
reforest/pkg/pb/auth-service_grpc.pb.go:128.2,128.24 1 0
reforest/pkg/pb/auth-service_grpc.pb.go:128.24,130.3 1 0
reforest/pkg/pb/auth-service_grpc.pb.go:131.2,135.77 2 0
reforest/pkg/pb/auth-service_grpc.pb.go:135.77,137.3 1 0
reforest/pkg/pb/auth-service_grpc.pb.go:138.2,138.44 1 0
reforest/pkg/pb/finance-service.pb.go:48.50,52.2 3 0
reforest/pkg/pb/finance-service.pb.go:54.42,56.2 1 0
reforest/pkg/pb/finance-service.pb.go:58.65,60.2 1 0
reforest/pkg/pb/finance-service.pb.go:62.53,64.2 1 0
reforest/pkg/pb/finance-service.pb.go:66.59,68.2 1 0
reforest/pkg/pb/finance-service.pb.go:71.57,73.2 1 0
reforest/pkg/pb/finance-service.pb.go:85.38,90.2 4 0
reforest/pkg/pb/finance-service.pb.go:92.46,94.2 1 0
reforest/pkg/pb/finance-service.pb.go:96.44,96.45 0 0
reforest/pkg/pb/finance-service.pb.go:98.66,100.14 2 0
reforest/pkg/pb/finance-service.pb.go:100.14,102.34 2 0
reforest/pkg/pb/finance-service.pb.go:102.34,104.4 1 0
reforest/pkg/pb/finance-service.pb.go:105.3,105.12 1 0
reforest/pkg/pb/finance-service.pb.go:107.2,107.24 1 0
reforest/pkg/pb/finance-service.pb.go:111.57,113.2 1 0
reforest/pkg/pb/finance-service.pb.go:115.49,116.14 1 0
reforest/pkg/pb/finance-service.pb.go:116.14,118.3 1 0
reforest/pkg/pb/finance-service.pb.go:119.2,119.11 1 0
reforest/pkg/pb/finance-service.pb.go:122.48,123.14 1 0
reforest/pkg/pb/finance-service.pb.go:123.14,125.3 1 0
reforest/pkg/pb/finance-service.pb.go:126.2,126.10 1 0
reforest/pkg/pb/finance-service.pb.go:129.56,130.14 1 0
reforest/pkg/pb/finance-service.pb.go:130.14,132.3 1 0
reforest/pkg/pb/finance-service.pb.go:133.2,133.32 1 0
reforest/pkg/pb/finance-service.pb.go:136.54,137.14 1 0
reforest/pkg/pb/finance-service.pb.go:137.14,139.3 1 0
reforest/pkg/pb/finance-service.pb.go:140.2,140.11 1 0
reforest/pkg/pb/finance-service.pb.go:151.32,156.2 4 0
reforest/pkg/pb/finance-service.pb.go:158.40,160.2 1 0
reforest/pkg/pb/finance-service.pb.go:162.38,162.39 0 0
reforest/pkg/pb/finance-service.pb.go:164.60,166.14 2 0
reforest/pkg/pb/finance-service.pb.go:166.14,168.34 2 0
reforest/pkg/pb/finance-service.pb.go:168.34,170.4 1 0
reforest/pkg/pb/finance-service.pb.go:171.3,171.12 1 0
reforest/pkg/pb/finance-service.pb.go:173.2,173.24 1 0
reforest/pkg/pb/finance-service.pb.go:177.51,179.2 1 0
reforest/pkg/pb/finance-service.pb.go:181.42,182.14 1 0
reforest/pkg/pb/finance-service.pb.go:182.14,184.3 1 0
reforest/pkg/pb/finance-service.pb.go:185.2,185.10 1 0
reforest/pkg/pb/finance-service.pb.go:188.51,189.14 1 0
reforest/pkg/pb/finance-service.pb.go:189.14,191.3 1 0
reforest/pkg/pb/finance-service.pb.go:192.2,192.10 1 0
reforest/pkg/pb/finance-service.pb.go:210.31,215.2 4 0
reforest/pkg/pb/finance-service.pb.go:217.39,219.2 1 0
reforest/pkg/pb/finance-service.pb.go:221.37,221.38 0 0
reforest/pkg/pb/finance-service.pb.go:223.59,225.14 2 0
reforest/pkg/pb/finance-service.pb.go:225.14,227.34 2 0
reforest/pkg/pb/finance-service.pb.go:227.34,229.4 1 0
reforest/pkg/pb/finance-service.pb.go:230.3,230.12 1 0
reforest/pkg/pb/finance-service.pb.go:232.2,232.24 1 0
reforest/pkg/pb/finance-service.pb.go:236.50,238.2 1 0
reforest/pkg/pb/finance-service.pb.go:240.38,241.14 1 0
reforest/pkg/pb/finance-service.pb.go:241.14,243.3 1 0
reforest/pkg/pb/finance-service.pb.go:244.2,244.11 1 0
reforest/pkg/pb/finance-service.pb.go:247.42,248.14 1 0
reforest/pkg/pb/finance-service.pb.go:248.14,250.3 1 0
reforest/pkg/pb/finance-service.pb.go:251.2,251.11 1 0
reforest/pkg/pb/finance-service.pb.go:254.41,255.14 1 0
reforest/pkg/pb/finance-service.pb.go:255.14,257.3 1 0
reforest/pkg/pb/finance-service.pb.go:258.2,258.10 1 0
reforest/pkg/pb/finance-service.pb.go:261.40,262.14 1 0
reforest/pkg/pb/finance-service.pb.go:262.14,264.3 1 0
reforest/pkg/pb/finance-service.pb.go:265.2,265.11 1 0
reforest/pkg/pb/finance-service.pb.go:268.42,269.14 1 0
reforest/pkg/pb/finance-service.pb.go:269.14,271.3 1 0
reforest/pkg/pb/finance-service.pb.go:272.2,272.11 1 0
reforest/pkg/pb/finance-service.pb.go:275.46,276.14 1 0
reforest/pkg/pb/finance-service.pb.go:276.14,278.3 1 0
reforest/pkg/pb/finance-service.pb.go:279.2,279.11 1 0
reforest/pkg/pb/finance-service.pb.go:282.61,283.14 1 0
reforest/pkg/pb/finance-service.pb.go:283.14,285.3 1 0
reforest/pkg/pb/finance-service.pb.go:286.2,286.12 1 0
reforest/pkg/pb/finance-service.pb.go:289.47,290.14 1 0
reforest/pkg/pb/finance-service.pb.go:290.14,292.3 1 0
reforest/pkg/pb/finance-service.pb.go:293.2,293.11 1 0
reforest/pkg/pb/finance-service.pb.go:296.45,297.14 1 0
reforest/pkg/pb/finance-service.pb.go:297.14,299.3 1 0
reforest/pkg/pb/finance-service.pb.go:300.2,300.11 1 0
reforest/pkg/pb/finance-service.pb.go:310.35,315.2 4 0
reforest/pkg/pb/finance-service.pb.go:317.43,319.2 1 0
reforest/pkg/pb/finance-service.pb.go:321.41,321.42 0 0
reforest/pkg/pb/finance-service.pb.go:323.63,325.14 2 0
reforest/pkg/pb/finance-service.pb.go:325.14,327.34 2 0
reforest/pkg/pb/finance-service.pb.go:327.34,329.4 1 0
reforest/pkg/pb/finance-service.pb.go:330.3,330.12 1 0
reforest/pkg/pb/finance-service.pb.go:332.2,332.24 1 0
reforest/pkg/pb/finance-service.pb.go:336.54,338.2 1 0
reforest/pkg/pb/finance-service.pb.go:340.60,341.14 1 0
reforest/pkg/pb/finance-service.pb.go:341.14,343.3 1 0
reforest/pkg/pb/finance-service.pb.go:344.2,344.12 1 0
reforest/pkg/pb/finance-service.pb.go:354.35,359.2 4 0
reforest/pkg/pb/finance-service.pb.go:361.43,363.2 1 0
reforest/pkg/pb/finance-service.pb.go:365.41,365.42 0 0
reforest/pkg/pb/finance-service.pb.go:367.63,369.14 2 0
reforest/pkg/pb/finance-service.pb.go:369.14,371.34 2 0
reforest/pkg/pb/finance-service.pb.go:371.34,373.4 1 0
reforest/pkg/pb/finance-service.pb.go:374.3,374.12 1 0
reforest/pkg/pb/finance-service.pb.go:376.2,376.24 1 0
reforest/pkg/pb/finance-service.pb.go:380.54,382.2 1 0
reforest/pkg/pb/finance-service.pb.go:384.46,385.14 1 0
reforest/pkg/pb/finance-service.pb.go:385.14,387.3 1 0
reforest/pkg/pb/finance-service.pb.go:388.2,388.10 1 0
reforest/pkg/pb/finance-service.pb.go:399.34,404.2 4 0
reforest/pkg/pb/finance-service.pb.go:406.42,408.2 1 0
reforest/pkg/pb/finance-service.pb.go:410.40,410.41 0 0
reforest/pkg/pb/finance-service.pb.go:412.62,414.14 2 0
reforest/pkg/pb/finance-service.pb.go:414.14,416.34 2 0
reforest/pkg/pb/finance-service.pb.go:416.34,418.4 1 0
reforest/pkg/pb/finance-service.pb.go:419.3,419.12 1 0
reforest/pkg/pb/finance-service.pb.go:421.2,421.24 1 0
reforest/pkg/pb/finance-service.pb.go:425.53,427.2 1 0
reforest/pkg/pb/finance-service.pb.go:429.44,430.14 1 0
reforest/pkg/pb/finance-service.pb.go:430.14,432.3 1 0
reforest/pkg/pb/finance-service.pb.go:433.2,433.11 1 0
reforest/pkg/pb/finance-service.pb.go:436.43,437.14 1 0
reforest/pkg/pb/finance-service.pb.go:437.14,439.3 1 0
reforest/pkg/pb/finance-service.pb.go:440.2,440.12 1 0
reforest/pkg/pb/finance-service.pb.go:494.60,495.57 1 0
reforest/pkg/pb/finance-service.pb.go:495.57,497.3 1 0
reforest/pkg/pb/finance-service.pb.go:498.2,498.53 1 0
reforest/pkg/pb/finance-service.pb.go:537.13,537.56 1 0
reforest/pkg/pb/finance-service.pb.go:538.46,539.45 1 0
reforest/pkg/pb/finance-service.pb.go:539.45,541.3 1 0
reforest/pkg/pb/finance-service.pb.go:542.2,559.48 5 0
reforest/pkg/pb/finance-service_grpc.pb.go:47.80,49.2 1 0
reforest/pkg/pb/finance-service_grpc.pb.go:51.142,55.16 4 0
reforest/pkg/pb/finance-service_grpc.pb.go:55.16,57.3 1 0
reforest/pkg/pb/finance-service_grpc.pb.go:58.2,58.17 1 0
reforest/pkg/pb/finance-service_grpc.pb.go:61.130,65.16 4 0
reforest/pkg/pb/finance-service_grpc.pb.go:65.16,67.3 1 0
reforest/pkg/pb/finance-service_grpc.pb.go:68.2,68.17 1 0
reforest/pkg/pb/finance-service_grpc.pb.go:71.142,75.16 4 0
reforest/pkg/pb/finance-service_grpc.pb.go:75.16,77.3 1 0
reforest/pkg/pb/finance-service_grpc.pb.go:78.2,78.17 1 0
reforest/pkg/pb/finance-service_grpc.pb.go:81.134,85.16 4 0
reforest/pkg/pb/finance-service_grpc.pb.go:85.16,87.3 1 0
reforest/pkg/pb/finance-service_grpc.pb.go:88.2,88.17 1 0
reforest/pkg/pb/finance-service_grpc.pb.go:91.145,95.16 4 0
reforest/pkg/pb/finance-service_grpc.pb.go:95.16,97.3 1 0
reforest/pkg/pb/finance-service_grpc.pb.go:98.2,98.17 1 0
reforest/pkg/pb/finance-service_grpc.pb.go:101.140,105.16 4 0
reforest/pkg/pb/finance-service_grpc.pb.go:105.16,107.3 1 0
reforest/pkg/pb/finance-service_grpc.pb.go:108.2,108.17 1 0
reforest/pkg/pb/finance-service_grpc.pb.go:131.120,133.2 1 0
reforest/pkg/pb/finance-service_grpc.pb.go:134.108,136.2 1 0
reforest/pkg/pb/finance-service_grpc.pb.go:137.120,139.2 1 0
reforest/pkg/pb/finance-service_grpc.pb.go:140.112,142.2 1 0
reforest/pkg/pb/finance-service_grpc.pb.go:143.123,145.2 1 0
reforest/pkg/pb/finance-service_grpc.pb.go:146.118,148.2 1 0
reforest/pkg/pb/finance-service_grpc.pb.go:149.88,149.89 0 0
reforest/pkg/pb/finance-service_grpc.pb.go:150.88,150.89 0 0
reforest/pkg/pb/finance-service_grpc.pb.go:159.86,164.59 1 0
reforest/pkg/pb/finance-service_grpc.pb.go:164.59,166.3 1 0
reforest/pkg/pb/finance-service_grpc.pb.go:167.2,167.53 1 0
reforest/pkg/pb/finance-service_grpc.pb.go:170.177,172.32 2 0
reforest/pkg/pb/finance-service_grpc.pb.go:172.32,174.3 1 0
reforest/pkg/pb/finance-service_grpc.pb.go:175.2,175.24 1 0
reforest/pkg/pb/finance-service_grpc.pb.go:175.24,177.3 1 0
reforest/pkg/pb/finance-service_grpc.pb.go:178.2,182.77 2 0
reforest/pkg/pb/finance-service_grpc.pb.go:182.77,184.3 1 0
reforest/pkg/pb/finance-service_grpc.pb.go:185.2,185.44 1 0
reforest/pkg/pb/finance-service_grpc.pb.go:188.171,190.32 2 0
reforest/pkg/pb/finance-service_grpc.pb.go:190.32,192.3 1 0
reforest/pkg/pb/finance-service_grpc.pb.go:193.2,193.24 1 0
reforest/pkg/pb/finance-service_grpc.pb.go:193.24,195.3 1 0
reforest/pkg/pb/finance-service_grpc.pb.go:196.2,200.77 2 0
reforest/pkg/pb/finance-service_grpc.pb.go:200.77,202.3 1 0
reforest/pkg/pb/finance-service_grpc.pb.go:203.2,203.44 1 0
reforest/pkg/pb/finance-service_grpc.pb.go:206.179,208.32 2 0
reforest/pkg/pb/finance-service_grpc.pb.go:208.32,210.3 1 0
reforest/pkg/pb/finance-service_grpc.pb.go:211.2,211.24 1 0
reforest/pkg/pb/finance-service_grpc.pb.go:211.24,213.3 1 0
reforest/pkg/pb/finance-service_grpc.pb.go:214.2,218.77 2 0
reforest/pkg/pb/finance-service_grpc.pb.go:218.77,220.3 1 0
reforest/pkg/pb/finance-service_grpc.pb.go:221.2,221.44 1 0
reforest/pkg/pb/finance-service_grpc.pb.go:224.170,226.32 2 0
reforest/pkg/pb/finance-service_grpc.pb.go:226.32,228.3 1 0
reforest/pkg/pb/finance-service_grpc.pb.go:229.2,229.24 1 0
reforest/pkg/pb/finance-service_grpc.pb.go:229.24,231.3 1 0
reforest/pkg/pb/finance-service_grpc.pb.go:232.2,236.77 2 0
reforest/pkg/pb/finance-service_grpc.pb.go:236.77,238.3 1 0
reforest/pkg/pb/finance-service_grpc.pb.go:239.2,239.44 1 0
reforest/pkg/pb/finance-service_grpc.pb.go:242.181,244.32 2 0
reforest/pkg/pb/finance-service_grpc.pb.go:244.32,246.3 1 0
reforest/pkg/pb/finance-service_grpc.pb.go:247.2,247.24 1 0
reforest/pkg/pb/finance-service_grpc.pb.go:247.24,249.3 1 0
reforest/pkg/pb/finance-service_grpc.pb.go:250.2,254.77 2 0
reforest/pkg/pb/finance-service_grpc.pb.go:254.77,256.3 1 0
reforest/pkg/pb/finance-service_grpc.pb.go:257.2,257.44 1 0
reforest/pkg/pb/finance-service_grpc.pb.go:260.178,262.32 2 0
reforest/pkg/pb/finance-service_grpc.pb.go:262.32,264.3 1 0
reforest/pkg/pb/finance-service_grpc.pb.go:265.2,265.24 1 0
reforest/pkg/pb/finance-service_grpc.pb.go:265.24,267.3 1 0
reforest/pkg/pb/finance-service_grpc.pb.go:268.2,272.77 2 0
reforest/pkg/pb/finance-service_grpc.pb.go:272.77,274.3 1 0
reforest/pkg/pb/finance-service_grpc.pb.go:275.2,275.44 1 0
reforest/pkg/pb/tree-management-service.pb.go:33.29,38.2 4 0
reforest/pkg/pb/tree-management-service.pb.go:40.37,42.2 1 0
reforest/pkg/pb/tree-management-service.pb.go:44.35,44.36 0 0
reforest/pkg/pb/tree-management-service.pb.go:46.57,48.14 2 0
reforest/pkg/pb/tree-management-service.pb.go:48.14,50.34 2 0
reforest/pkg/pb/tree-management-service.pb.go:50.34,52.4 1 0
reforest/pkg/pb/tree-management-service.pb.go:53.3,53.12 1 0
reforest/pkg/pb/tree-management-service.pb.go:55.2,55.24 1 0
reforest/pkg/pb/tree-management-service.pb.go:59.48,61.2 1 0
reforest/pkg/pb/tree-management-service.pb.go:63.36,64.14 1 0
reforest/pkg/pb/tree-management-service.pb.go:64.14,66.3 1 0
reforest/pkg/pb/tree-management-service.pb.go:67.2,67.11 1 0
reforest/pkg/pb/tree-management-service.pb.go:80.27,85.2 4 0
reforest/pkg/pb/tree-management-service.pb.go:87.35,89.2 1 0
reforest/pkg/pb/tree-management-service.pb.go:91.33,91.34 0 0
reforest/pkg/pb/tree-management-service.pb.go:93.55,95.14 2 0
reforest/pkg/pb/tree-management-service.pb.go:95.14,97.34 2 0
reforest/pkg/pb/tree-management-service.pb.go:97.34,99.4 1 0
reforest/pkg/pb/tree-management-service.pb.go:100.3,100.12 1 0
reforest/pkg/pb/tree-management-service.pb.go:102.2,102.24 1 0
reforest/pkg/pb/tree-management-service.pb.go:106.46,108.2 1 0
reforest/pkg/pb/tree-management-service.pb.go:110.34,111.14 1 0
reforest/pkg/pb/tree-management-service.pb.go:111.14,113.3 1 0
reforest/pkg/pb/tree-management-service.pb.go:114.2,114.11 1 0
reforest/pkg/pb/tree-management-service.pb.go:117.42,118.14 1 0
reforest/pkg/pb/tree-management-service.pb.go:118.14,120.3 1 0
reforest/pkg/pb/tree-management-service.pb.go:121.2,121.11 1 0
reforest/pkg/pb/tree-management-service.pb.go:124.48,125.14 1 0
reforest/pkg/pb/tree-management-service.pb.go:125.14,127.3 1 0
reforest/pkg/pb/tree-management-service.pb.go:128.2,128.10 1 0
reforest/pkg/pb/tree-management-service.pb.go:131.36,132.14 1 0
reforest/pkg/pb/tree-management-service.pb.go:132.14,134.3 1 0
reforest/pkg/pb/tree-management-service.pb.go:135.2,135.10 1 0
reforest/pkg/pb/tree-management-service.pb.go:145.31,150.2 4 0
reforest/pkg/pb/tree-management-service.pb.go:152.39,154.2 1 0
reforest/pkg/pb/tree-management-service.pb.go:156.37,156.38 0 0
reforest/pkg/pb/tree-management-service.pb.go:158.59,160.14 2 0
reforest/pkg/pb/tree-management-service.pb.go:160.14,162.34 2 0
reforest/pkg/pb/tree-management-service.pb.go:162.34,164.4 1 0
reforest/pkg/pb/tree-management-service.pb.go:165.3,165.12 1 0
reforest/pkg/pb/tree-management-service.pb.go:167.2,167.24 1 0
reforest/pkg/pb/tree-management-service.pb.go:171.50,173.2 1 0
reforest/pkg/pb/tree-management-service.pb.go:175.47,176.14 1 0
reforest/pkg/pb/tree-management-service.pb.go:176.14,178.3 1 0
reforest/pkg/pb/tree-management-service.pb.go:179.2,179.12 1 0
reforest/pkg/pb/tree-management-service.pb.go:192.24,197.2 4 0
reforest/pkg/pb/tree-management-service.pb.go:199.32,201.2 1 0
reforest/pkg/pb/tree-management-service.pb.go:203.30,203.31 0 0
reforest/pkg/pb/tree-management-service.pb.go:205.52,207.14 2 0
reforest/pkg/pb/tree-management-service.pb.go:207.14,209.34 2 0
reforest/pkg/pb/tree-management-service.pb.go:209.34,211.4 1 0
reforest/pkg/pb/tree-management-service.pb.go:212.3,212.12 1 0
reforest/pkg/pb/tree-management-service.pb.go:214.2,214.24 1 0
reforest/pkg/pb/tree-management-service.pb.go:218.43,220.2 1 0
reforest/pkg/pb/tree-management-service.pb.go:222.31,223.14 1 0
reforest/pkg/pb/tree-management-service.pb.go:223.14,225.3 1 0
reforest/pkg/pb/tree-management-service.pb.go:226.2,226.11 1 0
reforest/pkg/pb/tree-management-service.pb.go:229.41,230.14 1 0
reforest/pkg/pb/tree-management-service.pb.go:230.14,232.3 1 0
reforest/pkg/pb/tree-management-service.pb.go:233.2,233.11 1 0
reforest/pkg/pb/tree-management-service.pb.go:236.36,237.14 1 0
reforest/pkg/pb/tree-management-service.pb.go:237.14,239.3 1 0
reforest/pkg/pb/tree-management-service.pb.go:240.2,240.11 1 0
reforest/pkg/pb/tree-management-service.pb.go:243.46,244.14 1 0
reforest/pkg/pb/tree-management-service.pb.go:244.14,246.3 1 0
reforest/pkg/pb/tree-management-service.pb.go:247.2,247.10 1 0
reforest/pkg/pb/tree-management-service.pb.go:257.28,262.2 4 0
reforest/pkg/pb/tree-management-service.pb.go:264.36,266.2 1 0
reforest/pkg/pb/tree-management-service.pb.go:268.34,268.35 0 0
reforest/pkg/pb/tree-management-service.pb.go:270.56,272.14 2 0
reforest/pkg/pb/tree-management-service.pb.go:272.14,274.34 2 0
reforest/pkg/pb/tree-management-service.pb.go:274.34,276.4 1 0
reforest/pkg/pb/tree-management-service.pb.go:277.3,277.12 1 0
reforest/pkg/pb/tree-management-service.pb.go:279.2,279.24 1 0
reforest/pkg/pb/tree-management-service.pb.go:283.47,285.2 1 0
reforest/pkg/pb/tree-management-service.pb.go:287.39,288.14 1 0
reforest/pkg/pb/tree-management-service.pb.go:288.14,290.3 1 0
reforest/pkg/pb/tree-management-service.pb.go:291.2,291.12 1 0
reforest/pkg/pb/tree-management-service.pb.go:308.24,313.2 4 0
reforest/pkg/pb/tree-management-service.pb.go:315.32,317.2 1 0
reforest/pkg/pb/tree-management-service.pb.go:319.30,319.31 0 0
reforest/pkg/pb/tree-management-service.pb.go:321.52,323.14 2 0
reforest/pkg/pb/tree-management-service.pb.go:323.14,325.34 2 0
reforest/pkg/pb/tree-management-service.pb.go:325.34,327.4 1 0
reforest/pkg/pb/tree-management-service.pb.go:328.3,328.12 1 0
reforest/pkg/pb/tree-management-service.pb.go:330.2,330.24 1 0
reforest/pkg/pb/tree-management-service.pb.go:334.43,336.2 1 0
reforest/pkg/pb/tree-management-service.pb.go:338.31,339.14 1 0
reforest/pkg/pb/tree-management-service.pb.go:339.14,341.3 1 0
reforest/pkg/pb/tree-management-service.pb.go:342.2,342.11 1 0
reforest/pkg/pb/tree-management-service.pb.go:345.38,346.14 1 0
reforest/pkg/pb/tree-management-service.pb.go:346.14,348.3 1 0
reforest/pkg/pb/tree-management-service.pb.go:349.2,349.11 1 0
reforest/pkg/pb/tree-management-service.pb.go:352.38,353.14 1 0
reforest/pkg/pb/tree-management-service.pb.go:353.14,355.3 1 0
reforest/pkg/pb/tree-management-service.pb.go:356.2,356.11 1 0
reforest/pkg/pb/tree-management-service.pb.go:359.35,360.14 1 0
reforest/pkg/pb/tree-management-service.pb.go:360.14,362.3 1 0
reforest/pkg/pb/tree-management-service.pb.go:363.2,363.11 1 0
reforest/pkg/pb/tree-management-service.pb.go:366.39,367.14 1 0
reforest/pkg/pb/tree-management-service.pb.go:367.14,369.3 1 0
reforest/pkg/pb/tree-management-service.pb.go:370.2,370.11 1 0
reforest/pkg/pb/tree-management-service.pb.go:373.49,374.14 1 0
reforest/pkg/pb/tree-management-service.pb.go:374.14,376.3 1 0
reforest/pkg/pb/tree-management-service.pb.go:377.2,377.10 1 0
reforest/pkg/pb/tree-management-service.pb.go:380.57,381.14 1 0
reforest/pkg/pb/tree-management-service.pb.go:381.14,383.3 1 0
reforest/pkg/pb/tree-management-service.pb.go:384.2,384.12 1 0
reforest/pkg/pb/tree-management-service.pb.go:387.54,388.14 1 0
reforest/pkg/pb/tree-management-service.pb.go:388.14,390.3 1 0
reforest/pkg/pb/tree-management-service.pb.go:391.2,391.12 1 0
reforest/pkg/pb/tree-management-service.pb.go:401.28,406.2 4 0
reforest/pkg/pb/tree-management-service.pb.go:408.36,410.2 1 0
reforest/pkg/pb/tree-management-service.pb.go:412.34,412.35 0 0
reforest/pkg/pb/tree-management-service.pb.go:414.56,416.14 2 0
reforest/pkg/pb/tree-management-service.pb.go:416.14,418.34 2 0
reforest/pkg/pb/tree-management-service.pb.go:418.34,420.4 1 0
reforest/pkg/pb/tree-management-service.pb.go:421.3,421.12 1 0
reforest/pkg/pb/tree-management-service.pb.go:423.2,423.24 1 0
reforest/pkg/pb/tree-management-service.pb.go:427.47,429.2 1 0
reforest/pkg/pb/tree-management-service.pb.go:431.39,432.14 1 0
reforest/pkg/pb/tree-management-service.pb.go:432.14,434.3 1 0
reforest/pkg/pb/tree-management-service.pb.go:435.2,435.12 1 0
reforest/pkg/pb/tree-management-service.pb.go:447.36,452.2 4 0
reforest/pkg/pb/tree-management-service.pb.go:454.44,456.2 1 0
reforest/pkg/pb/tree-management-service.pb.go:458.42,458.43 0 0
reforest/pkg/pb/tree-management-service.pb.go:460.64,462.14 2 0
reforest/pkg/pb/tree-management-service.pb.go:462.14,464.34 2 0
reforest/pkg/pb/tree-management-service.pb.go:464.34,466.4 1 0
reforest/pkg/pb/tree-management-service.pb.go:467.3,467.12 1 0
reforest/pkg/pb/tree-management-service.pb.go:469.2,469.24 1 0
reforest/pkg/pb/tree-management-service.pb.go:473.55,475.2 1 0
reforest/pkg/pb/tree-management-service.pb.go:477.50,478.14 1 0
reforest/pkg/pb/tree-management-service.pb.go:478.14,480.3 1 0
reforest/pkg/pb/tree-management-service.pb.go:481.2,481.11 1 0
reforest/pkg/pb/tree-management-service.pb.go:484.47,485.14 1 0
reforest/pkg/pb/tree-management-service.pb.go:485.14,487.3 1 0
reforest/pkg/pb/tree-management-service.pb.go:488.2,488.11 1 0
reforest/pkg/pb/tree-management-service.pb.go:491.51,492.14 1 0
reforest/pkg/pb/tree-management-service.pb.go:492.14,494.3 1 0
reforest/pkg/pb/tree-management-service.pb.go:495.2,495.11 1 0
reforest/pkg/pb/tree-management-service.pb.go:507.37,512.2 4 0
reforest/pkg/pb/tree-management-service.pb.go:514.45,516.2 1 0
reforest/pkg/pb/tree-management-service.pb.go:518.43,518.44 0 0
reforest/pkg/pb/tree-management-service.pb.go:520.65,522.14 2 0
reforest/pkg/pb/tree-management-service.pb.go:522.14,524.34 2 0
reforest/pkg/pb/tree-management-service.pb.go:524.34,526.4 1 0
reforest/pkg/pb/tree-management-service.pb.go:527.3,527.12 1 0
reforest/pkg/pb/tree-management-service.pb.go:529.2,529.24 1 0
reforest/pkg/pb/tree-management-service.pb.go:533.56,535.2 1 0
reforest/pkg/pb/tree-management-service.pb.go:537.48,538.14 1 0
reforest/pkg/pb/tree-management-service.pb.go:538.14,540.3 1 0
reforest/pkg/pb/tree-management-service.pb.go:541.2,541.11 1 0
reforest/pkg/pb/tree-management-service.pb.go:544.52,545.14 1 0
reforest/pkg/pb/tree-management-service.pb.go:545.14,547.3 1 0
reforest/pkg/pb/tree-management-service.pb.go:548.2,548.11 1 0
reforest/pkg/pb/tree-management-service.pb.go:551.51,552.14 1 0
reforest/pkg/pb/tree-management-service.pb.go:552.14,554.3 1 0
reforest/pkg/pb/tree-management-service.pb.go:555.2,555.11 1 0
reforest/pkg/pb/tree-management-service.pb.go:571.28,576.2 4 0
reforest/pkg/pb/tree-management-service.pb.go:578.36,580.2 1 0
reforest/pkg/pb/tree-management-service.pb.go:582.34,582.35 0 0
reforest/pkg/pb/tree-management-service.pb.go:584.56,586.14 2 0
reforest/pkg/pb/tree-management-service.pb.go:586.14,588.34 2 0
reforest/pkg/pb/tree-management-service.pb.go:588.34,590.4 1 0
reforest/pkg/pb/tree-management-service.pb.go:591.3,591.12 1 0
reforest/pkg/pb/tree-management-service.pb.go:593.2,593.24 1 0
reforest/pkg/pb/tree-management-service.pb.go:597.47,599.2 1 0
reforest/pkg/pb/tree-management-service.pb.go:601.35,602.14 1 0
reforest/pkg/pb/tree-management-service.pb.go:602.14,604.3 1 0
reforest/pkg/pb/tree-management-service.pb.go:605.2,605.11 1 0
reforest/pkg/pb/tree-management-service.pb.go:608.46,609.14 1 0
reforest/pkg/pb/tree-management-service.pb.go:609.14,611.3 1 0
reforest/pkg/pb/tree-management-service.pb.go:612.2,612.11 1 0
reforest/pkg/pb/tree-management-service.pb.go:615.40,616.14 1 0
reforest/pkg/pb/tree-management-service.pb.go:616.14,618.3 1 0
reforest/pkg/pb/tree-management-service.pb.go:619.2,619.11 1 0
reforest/pkg/pb/tree-management-service.pb.go:622.53,623.14 1 0
reforest/pkg/pb/tree-management-service.pb.go:623.14,625.3 1 0
reforest/pkg/pb/tree-management-service.pb.go:626.2,626.10 1 0
reforest/pkg/pb/tree-management-service.pb.go:629.41,630.14 1 0
reforest/pkg/pb/tree-management-service.pb.go:630.14,632.3 1 0
reforest/pkg/pb/tree-management-service.pb.go:633.2,633.11 1 0
reforest/pkg/pb/tree-management-service.pb.go:636.37,637.14 1 0
reforest/pkg/pb/tree-management-service.pb.go:637.14,639.3 1 0
reforest/pkg/pb/tree-management-service.pb.go:640.2,640.11 1 0
reforest/pkg/pb/tree-management-service.pb.go:643.59,644.14 1 0
reforest/pkg/pb/tree-management-service.pb.go:644.14,646.3 1 0
reforest/pkg/pb/tree-management-service.pb.go:647.2,647.12 1 0
reforest/pkg/pb/tree-management-service.pb.go:660.36,665.2 4 0
reforest/pkg/pb/tree-management-service.pb.go:667.44,669.2 1 0
reforest/pkg/pb/tree-management-service.pb.go:671.42,671.43 0 0
reforest/pkg/pb/tree-management-service.pb.go:673.64,675.14 2 0
reforest/pkg/pb/tree-management-service.pb.go:675.14,677.34 2 0
reforest/pkg/pb/tree-management-service.pb.go:677.34,679.4 1 0
reforest/pkg/pb/tree-management-service.pb.go:680.3,680.12 1 0
reforest/pkg/pb/tree-management-service.pb.go:682.2,682.24 1 0
reforest/pkg/pb/tree-management-service.pb.go:686.55,688.2 1 0
reforest/pkg/pb/tree-management-service.pb.go:690.54,691.14 1 0
reforest/pkg/pb/tree-management-service.pb.go:691.14,693.3 1 0
reforest/pkg/pb/tree-management-service.pb.go:694.2,694.11 1 0
reforest/pkg/pb/tree-management-service.pb.go:697.61,698.14 1 0
reforest/pkg/pb/tree-management-service.pb.go:698.14,700.3 1 0
reforest/pkg/pb/tree-management-service.pb.go:701.2,701.10 1 0
reforest/pkg/pb/tree-management-service.pb.go:704.49,705.14 1 0
reforest/pkg/pb/tree-management-service.pb.go:705.14,707.3 1 0
reforest/pkg/pb/tree-management-service.pb.go:708.2,708.11 1 0
reforest/pkg/pb/tree-management-service.pb.go:711.45,712.14 1 0
reforest/pkg/pb/tree-management-service.pb.go:712.14,714.3 1 0
reforest/pkg/pb/tree-management-service.pb.go:715.2,715.11 1 0
reforest/pkg/pb/tree-management-service.pb.go:725.27,730.2 4 0
reforest/pkg/pb/tree-management-service.pb.go:732.35,734.2 1 0
reforest/pkg/pb/tree-management-service.pb.go:736.33,736.34 0 0
reforest/pkg/pb/tree-management-service.pb.go:738.55,740.14 2 0
reforest/pkg/pb/tree-management-service.pb.go:740.14,742.34 2 0
reforest/pkg/pb/tree-management-service.pb.go:742.34,744.4 1 0
reforest/pkg/pb/tree-management-service.pb.go:745.3,745.12 1 0
[...]
reforest/pkg/pb/tree-management-service_grpc.pb.go:578.77,580.3 1 0
reforest/pkg/pb/tree-management-service_grpc.pb.go:581.2,581.44 1 0
reforest/pkg/pb/tree-management-service_grpc.pb.go:584.166,586.32 2 0
reforest/pkg/pb/tree-management-service_grpc.pb.go:586.32,588.3 1 0
reforest/pkg/pb/tree-management-service_grpc.pb.go:589.2,589.24 1 0
reforest/pkg/pb/tree-management-service_grpc.pb.go:589.24,591.3 1 0
reforest/pkg/pb/tree-management-service_grpc.pb.go:592.2,596.77 2 0
reforest/pkg/pb/tree-management-service_grpc.pb.go:596.77,598.3 1 0
reforest/pkg/pb/tree-management-service_grpc.pb.go:599.2,599.44 1 0
reforest/pkg/pb/tree-management-service_grpc.pb.go:602.166,604.32 2 0
reforest/pkg/pb/tree-management-service_grpc.pb.go:604.32,606.3 1 0
reforest/pkg/pb/tree-management-service_grpc.pb.go:607.2,607.24 1 0
reforest/pkg/pb/tree-management-service_grpc.pb.go:607.24,609.3 1 0
reforest/pkg/pb/tree-management-service_grpc.pb.go:610.2,614.77 2 0
reforest/pkg/pb/tree-management-service_grpc.pb.go:614.77,616.3 1 0
reforest/pkg/pb/tree-management-service_grpc.pb.go:617.2,617.44 1 0
reforest/pkg/pb/tree-management-service_grpc.pb.go:620.164,622.32 2 0
reforest/pkg/pb/tree-management-service_grpc.pb.go:622.32,624.3 1 0
reforest/pkg/pb/tree-management-service_grpc.pb.go:625.2,625.24 1 0
reforest/pkg/pb/tree-management-service_grpc.pb.go:625.24,627.3 1 0
reforest/pkg/pb/tree-management-service_grpc.pb.go:628.2,632.77 2 0
reforest/pkg/pb/tree-management-service_grpc.pb.go:632.77,634.3 1 0
reforest/pkg/pb/tree-management-service_grpc.pb.go:635.2,635.44 1 0
reforest/pkg/pb/tree-management-service_grpc.pb.go:638.167,640.32 2 0
reforest/pkg/pb/tree-management-service_grpc.pb.go:640.32,642.3 1 0
reforest/pkg/pb/tree-management-service_grpc.pb.go:643.2,643.24 1 0
reforest/pkg/pb/tree-management-service_grpc.pb.go:643.24,645.3 1 0
reforest/pkg/pb/tree-management-service_grpc.pb.go:646.2,650.77 2 0
reforest/pkg/pb/tree-management-service_grpc.pb.go:650.77,652.3 1 0
reforest/pkg/pb/tree-management-service_grpc.pb.go:653.2,653.44 1 0
reforest/pkg/pb/tree-management-service_grpc.pb.go:656.167,658.32 2 0
reforest/pkg/pb/tree-management-service_grpc.pb.go:658.32,660.3 1 0
reforest/pkg/pb/tree-management-service_grpc.pb.go:661.2,661.24 1 0
reforest/pkg/pb/tree-management-service_grpc.pb.go:661.24,663.3 1 0
reforest/pkg/pb/tree-management-service_grpc.pb.go:664.2,668.77 2 0
reforest/pkg/pb/tree-management-service_grpc.pb.go:668.77,670.3 1 0
reforest/pkg/pb/tree-management-service_grpc.pb.go:671.2,671.44 1 0
reforest/pkg/pb/tree-management-service_grpc.pb.go:674.168,676.32 2 0
reforest/pkg/pb/tree-management-service_grpc.pb.go:676.32,678.3 1 0
reforest/pkg/pb/tree-management-service_grpc.pb.go:679.2,679.24 1 0
reforest/pkg/pb/tree-management-service_grpc.pb.go:679.24,681.3 1 0
reforest/pkg/pb/tree-management-service_grpc.pb.go:682.2,686.77 2 0
reforest/pkg/pb/tree-management-service_grpc.pb.go:686.77,688.3 1 0
reforest/pkg/pb/tree-management-service_grpc.pb.go:689.2,689.44 1 0
reforest/pkg/pb/tree-management-service_grpc.pb.go:692.166,694.32 2 0
reforest/pkg/pb/tree-management-service_grpc.pb.go:694.32,696.3 1 0
reforest/pkg/pb/tree-management-service_grpc.pb.go:697.2,697.24 1 0
reforest/pkg/pb/tree-management-service_grpc.pb.go:697.24,699.3 1 0
reforest/pkg/pb/tree-management-service_grpc.pb.go:700.2,704.77 2 0
reforest/pkg/pb/tree-management-service_grpc.pb.go:704.77,706.3 1 0
reforest/pkg/pb/tree-management-service_grpc.pb.go:707.2,707.44 1 0
reforest/pkg/pb/tree-management-service_grpc.pb.go:710.166,712.32 2 0
reforest/pkg/pb/tree-management-service_grpc.pb.go:712.32,714.3 1 0
reforest/pkg/pb/tree-management-service_grpc.pb.go:715.2,715.24 1 0
reforest/pkg/pb/tree-management-service_grpc.pb.go:715.24,717.3 1 0
reforest/pkg/pb/tree-management-service_grpc.pb.go:718.2,722.77 2 0
reforest/pkg/pb/tree-management-service_grpc.pb.go:722.77,724.3 1 0
reforest/pkg/pb/tree-management-service_grpc.pb.go:725.2,725.44 1 0
reforest/pkg/pb/tree-management-service_grpc.pb.go:728.166,730.32 2 0
reforest/pkg/pb/tree-management-service_grpc.pb.go:730.32,732.3 1 0
reforest/pkg/pb/tree-management-service_grpc.pb.go:733.2,733.24 1 0
reforest/pkg/pb/tree-management-service_grpc.pb.go:733.24,735.3 1 0
reforest/pkg/pb/tree-management-service_grpc.pb.go:736.2,740.77 2 0
reforest/pkg/pb/tree-management-service_grpc.pb.go:740.77,742.3 1 0
reforest/pkg/pb/tree-management-service_grpc.pb.go:743.2,743.44 1 0
reforest/pkg/pb/tree-management-service_grpc.pb.go:746.183,748.32 2 0
reforest/pkg/pb/tree-management-service_grpc.pb.go:748.32,750.3 1 0
reforest/pkg/pb/tree-management-service_grpc.pb.go:751.2,751.24 1 0
reforest/pkg/pb/tree-management-service_grpc.pb.go:751.24,753.3 1 0
reforest/pkg/pb/tree-management-service_grpc.pb.go:754.2,758.77 2 0
reforest/pkg/pb/tree-management-service_grpc.pb.go:758.77,760.3 1 0
reforest/pkg/pb/tree-management-service_grpc.pb.go:761.2,761.44 1 0
reforest/internal/delivery/grpc/auth_handler.go:19.67,23.2 1 0
reforest/internal/delivery/grpc/auth_handler.go:25.98,27.16 2 0
reforest/internal/delivery/grpc/auth_handler.go:27.16,28.51 1 0
reforest/internal/delivery/grpc/auth_handler.go:28.51,30.4 1 0
reforest/internal/delivery/grpc/auth_handler.go:31.3,31.59 1 0
reforest/internal/delivery/grpc/auth_handler.go:34.2,37.8 1 0
reforest/internal/delivery/grpc/auth_handler.go:40.108,42.16 2 0
reforest/internal/delivery/grpc/auth_handler.go:42.16,43.46 1 0
reforest/internal/delivery/grpc/auth_handler.go:43.46,45.4 1 0
reforest/internal/delivery/grpc/auth_handler.go:46.3,46.76 1 0
reforest/internal/delivery/grpc/auth_handler.go:49.2,52.8 1 0
reforest/internal/delivery/grpc/finance_handler.go:22.79,26.2 1 0
reforest/internal/delivery/grpc/finance_handler.go:28.76,29.56 1 0
reforest/internal/delivery/grpc/finance_handler.go:29.56,31.3 1 0
reforest/internal/delivery/grpc/finance_handler.go:33.2,33.53 1 0
reforest/internal/delivery/grpc/finance_handler.go:33.53,34.53 1 0
reforest/internal/delivery/grpc/finance_handler.go:34.53,36.4 1 0
reforest/internal/delivery/grpc/finance_handler.go:39.2,39.86 1 0
reforest/internal/delivery/grpc/finance_handler.go:42.118,44.16 2 0
reforest/internal/delivery/grpc/finance_handler.go:44.16,46.3 1 0
reforest/internal/delivery/grpc/finance_handler.go:47.2,47.39 1 0
reforest/internal/delivery/grpc/finance_handler.go:50.106,52.16 2 0
reforest/internal/delivery/grpc/finance_handler.go:52.16,54.3 1 0
reforest/internal/delivery/grpc/finance_handler.go:56.2,57.16 2 0
reforest/internal/delivery/grpc/finance_handler.go:57.16,59.3 1 0
reforest/internal/delivery/grpc/finance_handler.go:61.2,61.39 1 0
reforest/internal/delivery/grpc/finance_handler.go:64.115,66.16 2 0
reforest/internal/delivery/grpc/finance_handler.go:66.16,68.3 1 0
reforest/internal/delivery/grpc/finance_handler.go:69.2,69.30 1 0
reforest/internal/delivery/grpc/finance_handler.go:72.105,74.16 2 0
reforest/internal/delivery/grpc/finance_handler.go:74.16,76.3 1 0
reforest/internal/delivery/grpc/finance_handler.go:78.2,79.16 2 0
reforest/internal/delivery/grpc/finance_handler.go:79.16,81.3 1 0
reforest/internal/delivery/grpc/finance_handler.go:83.2,83.51 1 0
reforest/internal/delivery/grpc/finance_handler.go:86.116,88.16 2 0
reforest/internal/delivery/grpc/finance_handler.go:88.16,90.3 1 0
reforest/internal/delivery/grpc/finance_handler.go:92.2,93.16 2 0
reforest/internal/delivery/grpc/finance_handler.go:93.16,95.3 1 0
reforest/internal/delivery/grpc/finance_handler.go:97.2,98.25 2 0
reforest/internal/delivery/grpc/finance_handler.go:98.25,100.3 1 0
reforest/internal/delivery/grpc/finance_handler.go:102.2,102.54 1 0
reforest/internal/delivery/grpc/finance_handler.go:105.108,107.16 2 0
reforest/internal/delivery/grpc/finance_handler.go:107.16,109.3 1 0
reforest/internal/delivery/grpc/finance_handler.go:110.2,110.30 1 0
reforest/internal/delivery/grpc/finance_handler.go:113.68,124.2 1 0
reforest/internal/delivery/grpc/interceptor.go:22.181,23.140 1 0
reforest/internal/delivery/grpc/interceptor.go:23.140,24.37 1 0
reforest/internal/delivery/grpc/interceptor.go:24.37,26.4 1 0
reforest/internal/delivery/grpc/interceptor.go:28.3,29.10 2 0
reforest/internal/delivery/grpc/interceptor.go:29.10,31.4 1 0
reforest/internal/delivery/grpc/interceptor.go:33.3,34.23 2 0
reforest/internal/delivery/grpc/interceptor.go:34.23,36.4 1 0
reforest/internal/delivery/grpc/interceptor.go:38.3,40.74 3 0
reforest/internal/delivery/grpc/interceptor.go:40.74,42.4 1 0
reforest/internal/delivery/grpc/interceptor.go:43.3,46.17 3 0
reforest/internal/delivery/grpc/interceptor.go:46.17,48.4 1 0
reforest/internal/delivery/grpc/interceptor.go:50.3,50.36 1 0
reforest/internal/delivery/grpc/interceptor.go:50.36,51.30 1 0
reforest/internal/delivery/grpc/interceptor.go:51.30,53.5 1 0
reforest/internal/delivery/grpc/interceptor.go:56.3,56.38 1 0
reforest/internal/delivery/grpc/interceptor.go:56.38,57.32 1 0
reforest/internal/delivery/grpc/interceptor.go:57.32,59.5 1 0
reforest/internal/delivery/grpc/interceptor.go:62.3,65.27 3 0
reforest/internal/delivery/grpc/tree_management_handler.go:24.97,28.2 1 0
reforest/internal/delivery/grpc/tree_management_handler.go:30.55,37.2 1 0
reforest/internal/delivery/grpc/tree_management_handler.go:39.46,46.2 1 0
reforest/internal/delivery/grpc/tree_management_handler.go:48.46,59.2 1 0
reforest/internal/delivery/grpc/tree_management_handler.go:61.53,71.2 1 0
reforest/internal/delivery/grpc/tree_management_handler.go:73.80,74.69 1 0
reforest/internal/delivery/grpc/tree_management_handler.go:74.69,76.3 1 0
reforest/internal/delivery/grpc/tree_management_handler.go:78.2,79.9 2 0
reforest/internal/delivery/grpc/tree_management_handler.go:79.9,81.3 1 0
reforest/internal/delivery/grpc/tree_management_handler.go:83.2,84.41 2 0
reforest/internal/delivery/grpc/tree_management_handler.go:84.41,86.3 1 0
reforest/internal/delivery/grpc/tree_management_handler.go:88.2,88.23 1 0
reforest/internal/delivery/grpc/tree_management_handler.go:92.106,94.16 2 0
reforest/internal/delivery/grpc/tree_management_handler.go:94.16,95.46 1 0
reforest/internal/delivery/grpc/tree_management_handler.go:95.46,97.4 1 0
reforest/internal/delivery/grpc/tree_management_handler.go:98.3,98.71 1 0
reforest/internal/delivery/grpc/tree_management_handler.go:100.2,100.47 1 0
reforest/internal/delivery/grpc/tree_management_handler.go:103.105,105.16 2 0
reforest/internal/delivery/grpc/tree_management_handler.go:105.16,107.3 1 0
reforest/internal/delivery/grpc/tree_management_handler.go:108.2,109.16 2 0
reforest/internal/delivery/grpc/tree_management_handler.go:109.16,111.3 1 0
reforest/internal/delivery/grpc/tree_management_handler.go:112.2,112.40 1 0
reforest/internal/delivery/grpc/tree_management_handler.go:115.109,117.16 2 0
reforest/internal/delivery/grpc/tree_management_handler.go:117.16,119.3 1 0
reforest/internal/delivery/grpc/tree_management_handler.go:121.2,122.32 2 0
reforest/internal/delivery/grpc/tree_management_handler.go:122.32,124.3 1 0
reforest/internal/delivery/grpc/tree_management_handler.go:126.2,126.49 1 0
reforest/internal/delivery/grpc/tree_management_handler.go:129.106,131.16 2 0
reforest/internal/delivery/grpc/tree_management_handler.go:131.16,133.3 1 0
reforest/internal/delivery/grpc/tree_management_handler.go:134.2,135.16 2 0
reforest/internal/delivery/grpc/tree_management_handler.go:135.16,136.41 1 0
reforest/internal/delivery/grpc/tree_management_handler.go:136.41,138.4 1 0
reforest/internal/delivery/grpc/tree_management_handler.go:139.3,139.71 1 0
reforest/internal/delivery/grpc/tree_management_handler.go:141.2,141.47 1 0
reforest/internal/delivery/grpc/tree_management_handler.go:144.111,146.16 2 0
reforest/internal/delivery/grpc/tree_management_handler.go:146.16,148.3 1 0
reforest/internal/delivery/grpc/tree_management_handler.go:149.2,149.61 1 0
reforest/internal/delivery/grpc/tree_management_handler.go:149.61,150.41 1 0
reforest/internal/delivery/grpc/tree_management_handler.go:150.41,152.4 1 0
reforest/internal/delivery/grpc/tree_management_handler.go:153.3,153.71 1 0
reforest/internal/delivery/grpc/tree_management_handler.go:155.2,155.30 1 0
reforest/internal/delivery/grpc/tree_management_handler.go:164.106,166.16 2 0
reforest/internal/delivery/grpc/tree_management_handler.go:166.16,168.3 1 0
reforest/internal/delivery/grpc/tree_management_handler.go:170.2,171.16 2 0
reforest/internal/delivery/grpc/tree_management_handler.go:171.16,173.3 1 0
reforest/internal/delivery/grpc/tree_management_handler.go:175.2,176.25 2 0
reforest/internal/delivery/grpc/tree_management_handler.go:176.25,178.3 1 0
reforest/internal/delivery/grpc/tree_management_handler.go:180.2,180.39 1 0
reforest/internal/delivery/grpc/tree_management_handler.go:183.112,185.16 2 0
reforest/internal/delivery/grpc/tree_management_handler.go:185.16,187.3 1 0
reforest/internal/delivery/grpc/tree_management_handler.go:188.2,189.16 2 0
reforest/internal/delivery/grpc/tree_management_handler.go:189.16,190.45 1 0
reforest/internal/delivery/grpc/tree_management_handler.go:190.45,192.4 1 0
reforest/internal/delivery/grpc/tree_management_handler.go:193.3,193.67 1 0
reforest/internal/delivery/grpc/tree_management_handler.go:196.2,196.39 1 0
reforest/internal/delivery/grpc/tree_management_handler.go:199.104,201.16 2 0
reforest/internal/delivery/grpc/tree_management_handler.go:201.16,203.3 1 0
reforest/internal/delivery/grpc/tree_management_handler.go:205.2,206.16 2 0
reforest/internal/delivery/grpc/tree_management_handler.go:206.16,207.45 1 0
reforest/internal/delivery/grpc/tree_management_handler.go:207.45,209.4 1 0
reforest/internal/delivery/grpc/tree_management_handler.go:210.3,210.41 1 0
reforest/internal/delivery/grpc/tree_management_handler.go:210.41,212.4 1 0
reforest/internal/delivery/grpc/tree_management_handler.go:213.3,213.67 1 0
reforest/internal/delivery/grpc/tree_management_handler.go:216.2,216.39 1 0
reforest/internal/delivery/grpc/tree_management_handler.go:219.107,221.16 2 0
reforest/internal/delivery/grpc/tree_management_handler.go:221.16,223.3 1 0
reforest/internal/delivery/grpc/tree_management_handler.go:225.2,225.57 1 0
reforest/internal/delivery/grpc/tree_management_handler.go:225.57,226.41 1 0
reforest/internal/delivery/grpc/tree_management_handler.go:226.41,228.4 1 0
reforest/internal/delivery/grpc/tree_management_handler.go:229.3,229.67 1 0
reforest/internal/delivery/grpc/tree_management_handler.go:232.2,232.30 1 0
reforest/internal/delivery/grpc/tree_management_handler.go:236.97,238.16 2 0
reforest/internal/delivery/grpc/tree_management_handler.go:238.16,239.46 1 0
reforest/internal/delivery/grpc/tree_management_handler.go:239.46,241.4 1 0
reforest/internal/delivery/grpc/tree_management_handler.go:242.3,242.68 1 0
reforest/internal/delivery/grpc/tree_management_handler.go:244.2,244.41 1 0
reforest/internal/delivery/grpc/tree_management_handler.go:247.99,249.16 2 0
reforest/internal/delivery/grpc/tree_management_handler.go:249.16,251.3 1 0
reforest/internal/delivery/grpc/tree_management_handler.go:252.2,253.16 2 0
reforest/internal/delivery/grpc/tree_management_handler.go:253.16,255.3 1 0
reforest/internal/delivery/grpc/tree_management_handler.go:256.2,256.34 1 0
reforest/internal/delivery/grpc/tree_management_handler.go:259.104,261.16 2 0
reforest/internal/delivery/grpc/tree_management_handler.go:261.16,263.3 1 0
reforest/internal/delivery/grpc/tree_management_handler.go:265.2,266.29 2 0
reforest/internal/delivery/grpc/tree_management_handler.go:266.29,268.3 1 0
reforest/internal/delivery/grpc/tree_management_handler.go:270.2,272.8 1 0
reforest/internal/delivery/grpc/tree_management_handler.go:275.97,277.16 2 0
reforest/internal/delivery/grpc/tree_management_handler.go:277.16,279.3 1 0
reforest/internal/delivery/grpc/tree_management_handler.go:280.2,281.16 2 0
reforest/internal/delivery/grpc/tree_management_handler.go:281.16,282.41 1 0
reforest/internal/delivery/grpc/tree_management_handler.go:282.41,284.4 1 0
reforest/internal/delivery/grpc/tree_management_handler.go:285.3,285.68 1 0
reforest/internal/delivery/grpc/tree_management_handler.go:287.2,287.41 1 0
reforest/internal/delivery/grpc/tree_management_handler.go:290.108,292.16 2 0
reforest/internal/delivery/grpc/tree_management_handler.go:292.16,294.3 1 0
reforest/internal/delivery/grpc/tree_management_handler.go:295.2,295.58 1 0
reforest/internal/delivery/grpc/tree_management_handler.go:295.58,296.41 1 0
reforest/internal/delivery/grpc/tree_management_handler.go:296.41,298.4 1 0
reforest/internal/delivery/grpc/tree_management_handler.go:299.3,299.68 1 0
reforest/internal/delivery/grpc/tree_management_handler.go:301.2,301.30 1 0
reforest/internal/delivery/grpc/tree_management_handler.go:305.104,307.16 2 0
reforest/internal/delivery/grpc/tree_management_handler.go:307.16,309.3 1 0
reforest/internal/delivery/grpc/tree_management_handler.go:311.2,312.29 2 0
reforest/internal/delivery/grpc/tree_management_handler.go:312.29,314.3 1 0
reforest/internal/delivery/grpc/tree_management_handler.go:316.2,316.42 1 0
reforest/internal/delivery/grpc/tree_management_handler.go:319.121,321.16 2 0
reforest/internal/delivery/grpc/tree_management_handler.go:321.16,323.3 1 0
reforest/internal/delivery/grpc/tree_management_handler.go:324.2,325.16 2 0
reforest/internal/delivery/grpc/tree_management_handler.go:325.16,326.45 1 0
reforest/internal/delivery/grpc/tree_management_handler.go:326.45,328.4 1 0
reforest/internal/delivery/grpc/tree_management_handler.go:329.3,329.41 1 0
reforest/internal/delivery/grpc/tree_management_handler.go:329.41,331.4 1 0
reforest/internal/delivery/grpc/tree_management_handler.go:332.3,332.77 1 0
reforest/internal/delivery/grpc/tree_management_handler.go:335.2,339.8 1 0
reforest/internal/delivery/grpc/tree_management_handler.go:342.99,344.16 2 0
reforest/internal/delivery/grpc/tree_management_handler.go:344.16,346.3 1 0
reforest/internal/delivery/grpc/tree_management_handler.go:347.2,348.16 2 0
reforest/internal/delivery/grpc/tree_management_handler.go:348.16,350.3 1 0
reforest/internal/delivery/grpc/tree_management_handler.go:351.2,351.34 1 0
reforest/internal/delivery/grpc/tree_management_handler.go:354.97,356.16 2 0
reforest/internal/delivery/grpc/tree_management_handler.go:356.16,358.3 1 0
reforest/internal/delivery/grpc/tree_management_handler.go:359.2,360.16 2 0
reforest/internal/delivery/grpc/tree_management_handler.go:360.16,361.45 1 0
reforest/internal/delivery/grpc/tree_management_handler.go:361.45,363.4 1 0
reforest/internal/delivery/grpc/tree_management_handler.go:364.3,364.41 1 0
reforest/internal/delivery/grpc/tree_management_handler.go:364.41,366.4 1 0
reforest/internal/delivery/grpc/tree_management_handler.go:367.3,367.68 1 0
reforest/internal/delivery/grpc/tree_management_handler.go:369.2,369.41 1 0
reforest/internal/delivery/grpc/tree_management_handler.go:372.108,374.16 2 0
reforest/internal/delivery/grpc/tree_management_handler.go:374.16,376.3 1 0
reforest/internal/delivery/grpc/tree_management_handler.go:377.2,377.58 1 0
reforest/internal/delivery/grpc/tree_management_handler.go:377.58,378.41 1 0
reforest/internal/delivery/grpc/tree_management_handler.go:378.41,380.4 1 0
reforest/internal/delivery/grpc/tree_management_handler.go:381.3,381.68 1 0
reforest/internal/delivery/grpc/tree_management_handler.go:383.2,383.30 1 0
reforest/cmd/tree-management/main.go:24.193,26.8 2 0
reforest/cmd/tree-management/main.go:26.8,28.3 1 0
reforest/cmd/tree-management/main.go:29.2,29.54 1 0
reforest/cmd/tree-management/main.go:32.13,38.16 5 0
reforest/cmd/tree-management/main.go:38.16,40.3 1 0
reforest/cmd/tree-management/main.go:41.2,47.16 3 0
reforest/cmd/tree-management/main.go:47.16,49.3 1 0
reforest/cmd/tree-management/main.go:50.2,54.16 4 0
reforest/cmd/tree-management/main.go:54.16,56.3 1 0
reforest/cmd/tree-management/main.go:57.2,66.16 8 0
reforest/cmd/tree-management/main.go:66.16,68.3 1 0
reforest/cmd/tree-management/main.go:70.2,105.37 7 0
reforest/cmd/tree-management/main.go:105.37,107.3 1 0
